<?xml version="1.0" encoding="utf-8"?>
<CoverageSession xmlns:xsd="http://www.w3.org/2001/XMLSchema" xmlns:xsi="http://www.w3.org/2001/XMLSchema-instance" Version="4.6.0.0">
  <Summary numSequencePoints="1195" visitedSequencePoints="423" numBranchPoints="323" visitedBranchPoints="110" sequenceCoverage="35.40" branchCoverage="34.06" maxCyclomaticComplexity="6" minCyclomaticComplexity="0" maxCrapScore="42" minCrapScore="0" visitedClasses="17" numClasses="35" visitedMethods="78" numMethods="229" />
  <Modules>
    <Module hash="46-3E-4A-4E-AD-27-3B-F5-95-07-CE-EA-24-2C-68-D5-60-82-C6-F4">
      <Summary numSequencePoints="480" visitedSequencePoints="113" numBranchPoints="99" visitedBranchPoints="23" sequenceCoverage="23.54" branchCoverage="23.23" maxCyclomaticComplexity="4" minCyclomaticComplexity="1" maxCrapScore="20" minCrapScore="1" visitedClasses="1" numClasses="3" visitedMethods="17" numMethods="81" />
      <ModulePath>C:\Users\Asbjørn\Documents\Visual Studio 2015\Projects\AlternateJuke\ViewModelTests\bin\Debug\ViewModelTests.dll</ModulePath>
      <ModuleTime>2017-10-22T14:31:06.6023794Z</ModuleTime>
      <ModuleName>ViewModelTests</ModuleName>
      <Files>
        <File uid="1" fullPath="C:\Users\Asbjørn\Documents\Visual Studio 2015\Projects\AlternateJuke\ViewModelTests\JukeViewModelPlayerTests.cs" />
        <File uid="2" fullPath="C:\Users\Asbjørn\Documents\Visual Studio 2015\Projects\AlternateJuke\ViewModelTests\JukeControllerPlayerTests.cs" />
        <File uid="3" fullPath="C:\Users\Asbjørn\Documents\Visual Studio 2015\Projects\AlternateJuke\ViewModelTests\JukeControllerLibraryTests.cs" />
      </Files>
      <Classes>
        <Class>
          <Summary numSequencePoints="113" visitedSequencePoints="113" numBranchPoints="23" visitedBranchPoints="23" sequenceCoverage="100" branchCoverage="100" maxCyclomaticComplexity="4" minCyclomaticComplexity="1" maxCrapScore="4" minCrapScore="1" visitedClasses="1" numClasses="1" visitedMethods="17" numMethods="17" />
          <FullName>Juke.UI.Tests.JukeViewModelTests</FullName>
          <Methods>
            <Method visited="true" cyclomaticComplexity="1" nPathComplexity="0" sequenceCoverage="100" branchCoverage="100" crapScore="1" isConstructor="false" isStatic="false" isGetter="false" isSetter="false">
              <Summary numSequencePoints="3" visitedSequencePoints="3" numBranchPoints="1" visitedBranchPoints="1" sequenceCoverage="100" branchCoverage="100" maxCyclomaticComplexity="1" minCyclomaticComplexity="1" maxCrapScore="1" minCrapScore="1" visitedClasses="0" numClasses="0" visitedMethods="1" numMethods="1" />
              <MetadataToken>100663297</MetadataToken>
              <Name>System.Void Juke.UI.Tests.JukeViewModelTests::Setup()</Name>
              <FileRef uid="1" />
              <SequencePoints>
                <SequencePoint vc="11" uspid="1" ordinal="0" offset="0" sl="14" sc="9" el="14" ec="10" bec="0" bev="0" fileid="1" />
                <SequencePoint vc="11" uspid="2" ordinal="1" offset="1" sl="15" sc="13" el="15" ec="52" bec="0" bev="0" fileid="1" />
                <SequencePoint vc="11" uspid="3" ordinal="2" offset="12" sl="16" sc="9" el="16" ec="10" bec="0" bev="0" fileid="1" />
              </SequencePoints>
              <BranchPoints />
              <MethodPoint xsi:type="SequencePoint" vc="11" uspid="1" ordinal="0" offset="0" sl="14" sc="9" el="14" ec="10" bec="0" bev="0" fileid="1" />
            </Method>
            <Method visited="true" cyclomaticComplexity="1" nPathComplexity="0" sequenceCoverage="100" branchCoverage="100" crapScore="1" isConstructor="false" isStatic="false" isGetter="false" isSetter="false">
              <Summary numSequencePoints="9" visitedSequencePoints="9" numBranchPoints="1" visitedBranchPoints="1" sequenceCoverage="100" branchCoverage="100" maxCyclomaticComplexity="1" minCyclomaticComplexity="1" maxCrapScore="1" minCrapScore="1" visitedClasses="0" numClasses="0" visitedMethods="1" numMethods="1" />
              <MetadataToken>100663298</MetadataToken>
              <Name>System.Void Juke.UI.Tests.JukeViewModelTests::LoadSongs_LoaderStartedWithPath()</Name>
              <FileRef uid="1" />
              <SequencePoints>
                <SequencePoint vc="1" uspid="4" ordinal="0" offset="0" sl="20" sc="9" el="20" ec="10" bec="0" bev="0" fileid="1">
                  <TrackedMethodRefs>
                    <TrackedMethodRef uid="58" vc="1" />
                  </TrackedMethodRefs>
                </SequencePoint>
                <SequencePoint vc="1" uspid="5" ordinal="1" offset="1" sl="21" sc="13" el="21" ec="65" bec="0" bev="0" fileid="1">
                  <TrackedMethodRefs>
                    <TrackedMethodRef uid="58" vc="1" />
                  </TrackedMethodRefs>
                </SequencePoint>
                <SequencePoint vc="1" uspid="6" ordinal="2" offset="8" sl="22" sc="13" el="22" ec="48" bec="0" bev="0" fileid="1">
                  <TrackedMethodRefs>
                    <TrackedMethodRef uid="58" vc="1" />
                  </TrackedMethodRefs>
                </SequencePoint>
                <SequencePoint vc="1" uspid="7" ordinal="3" offset="14" sl="23" sc="13" el="23" ec="59" bec="0" bev="0" fileid="1">
                  <TrackedMethodRefs>
                    <TrackedMethodRef uid="58" vc="1" />
                  </TrackedMethodRefs>
                </SequencePoint>
                <SequencePoint vc="1" uspid="8" ordinal="4" offset="25" sl="25" sc="13" el="25" ec="68" bec="0" bev="0" fileid="1">
                  <TrackedMethodRefs>
                    <TrackedMethodRef uid="58" vc="1" />
                  </TrackedMethodRefs>
                </SequencePoint>
                <SequencePoint vc="1" uspid="9" ordinal="5" offset="33" sl="26" sc="13" el="26" ec="47" bec="0" bev="0" fileid="1">
                  <TrackedMethodRefs>
                    <TrackedMethodRef uid="58" vc="1" />
                  </TrackedMethodRefs>
                </SequencePoint>
                <SequencePoint vc="1" uspid="10" ordinal="6" offset="46" sl="27" sc="13" el="27" ec="47" bec="0" bev="0" fileid="1">
                  <TrackedMethodRefs>
                    <TrackedMethodRef uid="58" vc="1" />
                  </TrackedMethodRefs>
                </SequencePoint>
                <SequencePoint vc="1" uspid="11" ordinal="7" offset="63" sl="28" sc="13" el="28" ec="44" bec="0" bev="0" fileid="1">
                  <TrackedMethodRefs>
                    <TrackedMethodRef uid="58" vc="1" />
                  </TrackedMethodRefs>
                </SequencePoint>
                <SequencePoint vc="1" uspid="12" ordinal="8" offset="75" sl="29" sc="9" el="29" ec="10" bec="0" bev="0" fileid="1">
                  <TrackedMethodRefs>
                    <TrackedMethodRef uid="58" vc="1" />
                  </TrackedMethodRefs>
                </SequencePoint>
              </SequencePoints>
              <BranchPoints />
              <MethodPoint xsi:type="SequencePoint" vc="1" uspid="4" ordinal="0" offset="0" sl="20" sc="9" el="20" ec="10" bec="0" bev="0" fileid="1">
                <TrackedMethodRefs>
                  <TrackedMethodRef uid="58" vc="1" />
                </TrackedMethodRefs>
              </MethodPoint>
            </Method>
            <Method visited="true" cyclomaticComplexity="1" nPathComplexity="0" sequenceCoverage="100" branchCoverage="100" crapScore="1" isConstructor="false" isStatic="false" isGetter="false" isSetter="false">
              <Summary numSequencePoints="8" visitedSequencePoints="8" numBranchPoints="1" visitedBranchPoints="1" sequenceCoverage="100" branchCoverage="100" maxCyclomaticComplexity="1" minCyclomaticComplexity="1" maxCrapScore="1" minCrapScore="1" visitedClasses="0" numClasses="0" visitedMethods="1" numMethods="1" />
              <MetadataToken>100663299</MetadataToken>
              <Name>System.Void Juke.UI.Tests.JukeViewModelTests::LoadSongs_PromptReturnsNull_NothingLoaded()</Name>
              <FileRef uid="1" />
              <SequencePoints>
                <SequencePoint vc="1" uspid="13" ordinal="0" offset="0" sl="33" sc="9" el="33" ec="10" bec="0" bev="0" fileid="1">
                  <TrackedMethodRefs>
                    <TrackedMethodRef uid="59" vc="1" />
                  </TrackedMethodRefs>
                </SequencePoint>
                <SequencePoint vc="1" uspid="14" ordinal="1" offset="1" sl="34" sc="13" el="34" ec="49" bec="0" bev="0" fileid="1">
                  <TrackedMethodRefs>
                    <TrackedMethodRef uid="59" vc="1" />
                  </TrackedMethodRefs>
                </SequencePoint>
                <SequencePoint vc="1" uspid="15" ordinal="2" offset="8" sl="35" sc="13" el="35" ec="48" bec="0" bev="0" fileid="1">
                  <TrackedMethodRefs>
                    <TrackedMethodRef uid="59" vc="1" />
                  </TrackedMethodRefs>
                </SequencePoint>
                <SequencePoint vc="1" uspid="16" ordinal="3" offset="14" sl="36" sc="13" el="36" ec="57" bec="0" bev="0" fileid="1">
                  <TrackedMethodRefs>
                    <TrackedMethodRef uid="59" vc="1" />
                  </TrackedMethodRefs>
                </SequencePoint>
                <SequencePoint vc="1" uspid="17" ordinal="4" offset="21" sl="37" sc="13" el="37" ec="58" bec="0" bev="0" fileid="1">
                  <TrackedMethodRefs>
                    <TrackedMethodRef uid="59" vc="1" />
                  </TrackedMethodRefs>
                </SequencePoint>
                <SequencePoint vc="1" uspid="18" ordinal="5" offset="29" sl="38" sc="13" el="38" ec="47" bec="0" bev="0" fileid="1">
                  <TrackedMethodRefs>
                    <TrackedMethodRef uid="59" vc="1" />
                  </TrackedMethodRefs>
                </SequencePoint>
                <SequencePoint vc="1" uspid="19" ordinal="6" offset="42" sl="39" sc="13" el="39" ec="45" bec="0" bev="0" fileid="1">
                  <TrackedMethodRefs>
                    <TrackedMethodRef uid="59" vc="1" />
                  </TrackedMethodRefs>
                </SequencePoint>
                <SequencePoint vc="1" uspid="20" ordinal="7" offset="54" sl="40" sc="9" el="40" ec="10" bec="0" bev="0" fileid="1">
                  <TrackedMethodRefs>
                    <TrackedMethodRef uid="59" vc="1" />
                  </TrackedMethodRefs>
                </SequencePoint>
              </SequencePoints>
              <BranchPoints />
              <MethodPoint xsi:type="SequencePoint" vc="1" uspid="13" ordinal="0" offset="0" sl="33" sc="9" el="33" ec="10" bec="0" bev="0" fileid="1">
                <TrackedMethodRefs>
                  <TrackedMethodRef uid="59" vc="1" />
                </TrackedMethodRefs>
              </MethodPoint>
            </Method>
            <Method visited="true" cyclomaticComplexity="1" nPathComplexity="0" sequenceCoverage="100" branchCoverage="100" crapScore="1" isConstructor="false" isStatic="false" isGetter="false" isSetter="false">
              <Summary numSequencePoints="4" visitedSequencePoints="4" numBranchPoints="1" visitedBranchPoints="1" sequenceCoverage="100" branchCoverage="100" maxCyclomaticComplexity="1" minCyclomaticComplexity="1" maxCrapScore="1" minCrapScore="1" visitedClasses="0" numClasses="0" visitedMethods="1" numMethods="1" />
              <MetadataToken>100663300</MetadataToken>
              <Name>System.Void Juke.UI.Tests.JukeViewModelTests::LoadSongs_ViewModelCollectionsUpdated()</Name>
              <FileRef uid="1" />
              <SequencePoints>
                <SequencePoint vc="1" uspid="21" ordinal="0" offset="0" sl="44" sc="9" el="44" ec="10" bec="0" bev="0" fileid="1">
                  <TrackedMethodRefs>
                    <TrackedMethodRef uid="60" vc="1" />
                  </TrackedMethodRefs>
                </SequencePoint>
                <SequencePoint vc="1" uspid="22" ordinal="1" offset="1" sl="45" sc="13" el="45" ec="77" bec="0" bev="0" fileid="1">
                  <TrackedMethodRefs>
                    <TrackedMethodRef uid="60" vc="1" />
                  </TrackedMethodRefs>
                </SequencePoint>
                <SequencePoint vc="1" uspid="23" ordinal="2" offset="17" sl="47" sc="13" el="47" ec="94" bec="0" bev="0" fileid="1">
                  <TrackedMethodRefs>
                    <TrackedMethodRef uid="60" vc="1" />
                  </TrackedMethodRefs>
                </SequencePoint>
                <SequencePoint vc="1" uspid="24" ordinal="3" offset="64" sl="48" sc="9" el="48" ec="10" bec="0" bev="0" fileid="1">
                  <TrackedMethodRefs>
                    <TrackedMethodRef uid="60" vc="1" />
                  </TrackedMethodRefs>
                </SequencePoint>
              </SequencePoints>
              <BranchPoints />
              <MethodPoint xsi:type="SequencePoint" vc="1" uspid="21" ordinal="0" offset="0" sl="44" sc="9" el="44" ec="10" bec="0" bev="0" fileid="1">
                <TrackedMethodRefs>
                  <TrackedMethodRef uid="60" vc="1" />
                </TrackedMethodRefs>
              </MethodPoint>
            </Method>
            <Method visited="true" cyclomaticComplexity="1" nPathComplexity="0" sequenceCoverage="100" branchCoverage="100" crapScore="1" isConstructor="false" isStatic="false" isGetter="false" isSetter="false">
              <Summary numSequencePoints="5" visitedSequencePoints="5" numBranchPoints="1" visitedBranchPoints="1" sequenceCoverage="100" branchCoverage="100" maxCyclomaticComplexity="1" minCyclomaticComplexity="1" maxCrapScore="1" minCrapScore="1" visitedClasses="0" numClasses="0" visitedMethods="1" numMethods="1" />
              <MetadataToken>100663301</MetadataToken>
              <Name>System.Void Juke.UI.Tests.JukeViewModelTests::SelectArtist_AlbumsChanged()</Name>
              <FileRef uid="1" />
              <SequencePoints>
                <SequencePoint vc="1" uspid="25" ordinal="0" offset="0" sl="52" sc="9" el="52" ec="10" bec="0" bev="0" fileid="1">
                  <TrackedMethodRefs>
                    <TrackedMethodRef uid="61" vc="1" />
                  </TrackedMethodRefs>
                </SequencePoint>
                <SequencePoint vc="1" uspid="26" ordinal="1" offset="1" sl="53" sc="13" el="58" ec="20" bec="0" bev="0" fileid="1">
                  <TrackedMethodRefs>
                    <TrackedMethodRef uid="61" vc="1" />
                  </TrackedMethodRefs>
                </SequencePoint>
                <SequencePoint vc="1" uspid="27" ordinal="2" offset="67" sl="59" sc="13" el="59" ec="50" bec="0" bev="0" fileid="1">
                  <TrackedMethodRefs>
                    <TrackedMethodRef uid="61" vc="1" />
                  </TrackedMethodRefs>
                </SequencePoint>
                <SequencePoint vc="1" uspid="28" ordinal="3" offset="79" sl="60" sc="13" el="60" ec="49" bec="0" bev="0" fileid="1">
                  <TrackedMethodRefs>
                    <TrackedMethodRef uid="61" vc="1" />
                  </TrackedMethodRefs>
                </SequencePoint>
                <SequencePoint vc="1" uspid="29" ordinal="4" offset="107" sl="61" sc="9" el="61" ec="10" bec="0" bev="0" fileid="1">
                  <TrackedMethodRefs>
                    <TrackedMethodRef uid="61" vc="1" />
                  </TrackedMethodRefs>
                </SequencePoint>
              </SequencePoints>
              <BranchPoints />
              <MethodPoint xsi:type="SequencePoint" vc="1" uspid="25" ordinal="0" offset="0" sl="52" sc="9" el="52" ec="10" bec="0" bev="0" fileid="1">
                <TrackedMethodRefs>
                  <TrackedMethodRef uid="61" vc="1" />
                </TrackedMethodRefs>
              </MethodPoint>
            </Method>
            <Method visited="true" cyclomaticComplexity="1" nPathComplexity="0" sequenceCoverage="100" branchCoverage="100" crapScore="1" isConstructor="false" isStatic="false" isGetter="false" isSetter="false">
              <Summary numSequencePoints="5" visitedSequencePoints="5" numBranchPoints="1" visitedBranchPoints="1" sequenceCoverage="100" branchCoverage="100" maxCyclomaticComplexity="1" minCyclomaticComplexity="1" maxCrapScore="1" minCrapScore="1" visitedClasses="0" numClasses="0" visitedMethods="1" numMethods="1" />
              <MetadataToken>100663302</MetadataToken>
              <Name>System.Void Juke.UI.Tests.JukeViewModelTests::SelectNullAsArtist_SelectAllAlbums()</Name>
              <FileRef uid="1" />
              <SequencePoints>
                <SequencePoint vc="1" uspid="30" ordinal="0" offset="0" sl="65" sc="9" el="65" ec="10" bec="0" bev="0" fileid="1">
                  <TrackedMethodRefs>
                    <TrackedMethodRef uid="62" vc="1" />
                  </TrackedMethodRefs>
                </SequencePoint>
                <SequencePoint vc="1" uspid="31" ordinal="1" offset="1" sl="66" sc="13" el="71" ec="20" bec="0" bev="0" fileid="1">
                  <TrackedMethodRefs>
                    <TrackedMethodRef uid="62" vc="1" />
                  </TrackedMethodRefs>
                </SequencePoint>
                <SequencePoint vc="1" uspid="32" ordinal="2" offset="67" sl="72" sc="13" el="72" ec="50" bec="0" bev="0" fileid="1">
                  <TrackedMethodRefs>
                    <TrackedMethodRef uid="62" vc="1" />
                  </TrackedMethodRefs>
                </SequencePoint>
                <SequencePoint vc="1" uspid="33" ordinal="3" offset="79" sl="73" sc="13" el="73" ec="45" bec="0" bev="0" fileid="1">
                  <TrackedMethodRefs>
                    <TrackedMethodRef uid="62" vc="1" />
                  </TrackedMethodRefs>
                </SequencePoint>
                <SequencePoint vc="1" uspid="34" ordinal="4" offset="87" sl="74" sc="9" el="74" ec="10" bec="0" bev="0" fileid="1">
                  <TrackedMethodRefs>
                    <TrackedMethodRef uid="62" vc="1" />
                  </TrackedMethodRefs>
                </SequencePoint>
              </SequencePoints>
              <BranchPoints />
              <MethodPoint xsi:type="SequencePoint" vc="1" uspid="30" ordinal="0" offset="0" sl="65" sc="9" el="65" ec="10" bec="0" bev="0" fileid="1">
                <TrackedMethodRefs>
                  <TrackedMethodRef uid="62" vc="1" />
                </TrackedMethodRefs>
              </MethodPoint>
            </Method>
            <Method visited="true" cyclomaticComplexity="1" nPathComplexity="0" sequenceCoverage="100" branchCoverage="100" crapScore="1" isConstructor="false" isStatic="false" isGetter="false" isSetter="false">
              <Summary numSequencePoints="6" visitedSequencePoints="6" numBranchPoints="1" visitedBranchPoints="1" sequenceCoverage="100" branchCoverage="100" maxCyclomaticComplexity="1" minCyclomaticComplexity="1" maxCrapScore="1" minCrapScore="1" visitedClasses="0" numClasses="0" visitedMethods="1" numMethods="1" />
              <MetadataToken>100663303</MetadataToken>
              <Name>System.Void Juke.UI.Tests.JukeViewModelTests::SelectAlbum_SongsChanged()</Name>
              <FileRef uid="1" />
              <SequencePoints>
                <SequencePoint vc="1" uspid="35" ordinal="0" offset="0" sl="78" sc="9" el="78" ec="10" bec="0" bev="0" fileid="1">
                  <TrackedMethodRefs>
                    <TrackedMethodRef uid="63" vc="1" />
                  </TrackedMethodRefs>
                </SequencePoint>
                <SequencePoint vc="1" uspid="36" ordinal="1" offset="1" sl="79" sc="13" el="79" ec="46" bec="0" bev="0" fileid="1">
                  <TrackedMethodRefs>
                    <TrackedMethodRef uid="63" vc="1" />
                  </TrackedMethodRefs>
                </SequencePoint>
                <SequencePoint vc="1" uspid="37" ordinal="2" offset="11" sl="80" sc="13" el="80" ec="62" bec="0" bev="0" fileid="1">
                  <TrackedMethodRefs>
                    <TrackedMethodRef uid="63" vc="1" />
                  </TrackedMethodRefs>
                </SequencePoint>
                <SequencePoint vc="1" uspid="38" ordinal="3" offset="19" sl="81" sc="13" el="81" ec="48" bec="0" bev="0" fileid="1">
                  <TrackedMethodRefs>
                    <TrackedMethodRef uid="63" vc="1" />
                  </TrackedMethodRefs>
                </SequencePoint>
                <SequencePoint vc="1" uspid="39" ordinal="4" offset="31" sl="82" sc="13" el="82" ec="48" bec="0" bev="0" fileid="1">
                  <TrackedMethodRefs>
                    <TrackedMethodRef uid="63" vc="1" />
                  </TrackedMethodRefs>
                </SequencePoint>
                <SequencePoint vc="1" uspid="40" ordinal="5" offset="59" sl="83" sc="9" el="83" ec="10" bec="0" bev="0" fileid="1">
                  <TrackedMethodRefs>
                    <TrackedMethodRef uid="63" vc="1" />
                  </TrackedMethodRefs>
                </SequencePoint>
              </SequencePoints>
              <BranchPoints />
              <MethodPoint xsi:type="SequencePoint" vc="1" uspid="35" ordinal="0" offset="0" sl="78" sc="9" el="78" ec="10" bec="0" bev="0" fileid="1">
                <TrackedMethodRefs>
                  <TrackedMethodRef uid="63" vc="1" />
                </TrackedMethodRefs>
              </MethodPoint>
            </Method>
            <Method visited="true" cyclomaticComplexity="1" nPathComplexity="0" sequenceCoverage="100" branchCoverage="100" crapScore="1" isConstructor="false" isStatic="false" isGetter="false" isSetter="false">
              <Summary numSequencePoints="7" visitedSequencePoints="7" numBranchPoints="1" visitedBranchPoints="1" sequenceCoverage="100" branchCoverage="100" maxCyclomaticComplexity="1" minCyclomaticComplexity="1" maxCrapScore="1" minCrapScore="1" visitedClasses="0" numClasses="0" visitedMethods="1" numMethods="1" />
              <MetadataToken>100663304</MetadataToken>
              <Name>System.Void Juke.UI.Tests.JukeViewModelTests::SelectNullAsAlbum_SelectAllSongs()</Name>
              <FileRef uid="1" />
              <SequencePoints>
                <SequencePoint vc="1" uspid="41" ordinal="0" offset="0" sl="87" sc="9" el="87" ec="10" bec="0" bev="0" fileid="1">
                  <TrackedMethodRefs>
                    <TrackedMethodRef uid="64" vc="1" />
                  </TrackedMethodRefs>
                </SequencePoint>
                <SequencePoint vc="1" uspid="42" ordinal="1" offset="1" sl="88" sc="13" el="88" ec="46" bec="0" bev="0" fileid="1">
                  <TrackedMethodRefs>
                    <TrackedMethodRef uid="64" vc="1" />
                  </TrackedMethodRefs>
                </SequencePoint>
                <SequencePoint vc="1" uspid="43" ordinal="2" offset="11" sl="89" sc="13" el="89" ec="62" bec="0" bev="0" fileid="1">
                  <TrackedMethodRefs>
                    <TrackedMethodRef uid="64" vc="1" />
                  </TrackedMethodRefs>
                </SequencePoint>
                <SequencePoint vc="1" uspid="44" ordinal="3" offset="19" sl="90" sc="13" el="90" ec="48" bec="0" bev="0" fileid="1">
                  <TrackedMethodRefs>
                    <TrackedMethodRef uid="64" vc="1" />
                  </TrackedMethodRefs>
                </SequencePoint>
                <SequencePoint vc="1" uspid="45" ordinal="4" offset="31" sl="91" sc="13" el="91" ec="44" bec="0" bev="0" fileid="1">
                  <TrackedMethodRefs>
                    <TrackedMethodRef uid="64" vc="1" />
                  </TrackedMethodRefs>
                </SequencePoint>
                <SequencePoint vc="1" uspid="46" ordinal="5" offset="39" sl="92" sc="13" el="92" ec="48" bec="0" bev="0" fileid="1">
                  <TrackedMethodRefs>
                    <TrackedMethodRef uid="64" vc="1" />
                  </TrackedMethodRefs>
                </SequencePoint>
                <SequencePoint vc="1" uspid="47" ordinal="6" offset="67" sl="93" sc="9" el="93" ec="10" bec="0" bev="0" fileid="1">
                  <TrackedMethodRefs>
                    <TrackedMethodRef uid="64" vc="1" />
                  </TrackedMethodRefs>
                </SequencePoint>
              </SequencePoints>
              <BranchPoints />
              <MethodPoint xsi:type="SequencePoint" vc="1" uspid="41" ordinal="0" offset="0" sl="87" sc="9" el="87" ec="10" bec="0" bev="0" fileid="1">
                <TrackedMethodRefs>
                  <TrackedMethodRef uid="64" vc="1" />
                </TrackedMethodRefs>
              </MethodPoint>
            </Method>
            <Method visited="true" cyclomaticComplexity="1" nPathComplexity="0" sequenceCoverage="100" branchCoverage="100" crapScore="1" isConstructor="false" isStatic="false" isGetter="false" isSetter="false">
              <Summary numSequencePoints="5" visitedSequencePoints="5" numBranchPoints="1" visitedBranchPoints="1" sequenceCoverage="100" branchCoverage="100" maxCyclomaticComplexity="1" minCyclomaticComplexity="1" maxCrapScore="1" minCrapScore="1" visitedClasses="0" numClasses="0" visitedMethods="1" numMethods="1" />
              <MetadataToken>100663305</MetadataToken>
              <Name>System.Void Juke.UI.Tests.JukeViewModelTests::NoSelectedSong_CannotPlay()</Name>
              <FileRef uid="1" />
              <SequencePoints>
                <SequencePoint vc="1" uspid="48" ordinal="0" offset="0" sl="97" sc="9" el="97" ec="10" bec="0" bev="0" fileid="1">
                  <TrackedMethodRefs>
                    <TrackedMethodRef uid="65" vc="1" />
                  </TrackedMethodRefs>
                </SequencePoint>
                <SequencePoint vc="1" uspid="49" ordinal="1" offset="1" sl="98" sc="13" el="98" ec="77" bec="0" bev="0" fileid="1">
                  <TrackedMethodRefs>
                    <TrackedMethodRef uid="65" vc="1" />
                  </TrackedMethodRefs>
                </SequencePoint>
                <SequencePoint vc="1" uspid="50" ordinal="2" offset="17" sl="99" sc="13" el="99" ec="43" bec="0" bev="0" fileid="1">
                  <TrackedMethodRefs>
                    <TrackedMethodRef uid="65" vc="1" />
                  </TrackedMethodRefs>
                </SequencePoint>
                <SequencePoint vc="1" uspid="51" ordinal="3" offset="25" sl="100" sc="13" el="100" ec="63" bec="0" bev="0" fileid="1">
                  <TrackedMethodRefs>
                    <TrackedMethodRef uid="65" vc="1" />
                  </TrackedMethodRefs>
                </SequencePoint>
                <SequencePoint vc="1" uspid="52" ordinal="4" offset="43" sl="101" sc="9" el="101" ec="10" bec="0" bev="0" fileid="1">
                  <TrackedMethodRefs>
                    <TrackedMethodRef uid="65" vc="1" />
                  </TrackedMethodRefs>
                </SequencePoint>
              </SequencePoints>
              <BranchPoints />
              <MethodPoint xsi:type="SequencePoint" vc="1" uspid="48" ordinal="0" offset="0" sl="97" sc="9" el="97" ec="10" bec="0" bev="0" fileid="1">
                <TrackedMethodRefs>
                  <TrackedMethodRef uid="65" vc="1" />
                </TrackedMethodRefs>
              </MethodPoint>
            </Method>
            <Method visited="true" cyclomaticComplexity="1" nPathComplexity="0" sequenceCoverage="100" branchCoverage="100" crapScore="1" isConstructor="false" isStatic="false" isGetter="false" isSetter="false">
              <Summary numSequencePoints="7" visitedSequencePoints="7" numBranchPoints="1" visitedBranchPoints="1" sequenceCoverage="100" branchCoverage="100" maxCyclomaticComplexity="1" minCyclomaticComplexity="1" maxCrapScore="1" minCrapScore="1" visitedClasses="0" numClasses="0" visitedMethods="1" numMethods="1" />
              <MetadataToken>100663306</MetadataToken>
              <Name>System.Void Juke.UI.Tests.JukeViewModelTests::SongSelected_CanPlay()</Name>
              <FileRef uid="1" />
              <SequencePoints>
                <SequencePoint vc="1" uspid="53" ordinal="0" offset="0" sl="105" sc="9" el="105" ec="10" bec="0" bev="0" fileid="1">
                  <TrackedMethodRefs>
                    <TrackedMethodRef uid="66" vc="1" />
                  </TrackedMethodRefs>
                </SequencePoint>
                <SequencePoint vc="1" uspid="54" ordinal="1" offset="1" sl="106" sc="13" el="106" ec="46" bec="0" bev="0" fileid="1">
                  <TrackedMethodRefs>
                    <TrackedMethodRef uid="66" vc="1" />
                  </TrackedMethodRefs>
                </SequencePoint>
                <SequencePoint vc="1" uspid="55" ordinal="2" offset="11" sl="107" sc="13" el="107" ec="62" bec="0" bev="0" fileid="1">
                  <TrackedMethodRefs>
                    <TrackedMethodRef uid="66" vc="1" />
                  </TrackedMethodRefs>
                </SequencePoint>
                <SequencePoint vc="1" uspid="56" ordinal="3" offset="19" sl="108" sc="13" el="108" ec="43" bec="0" bev="0" fileid="1">
                  <TrackedMethodRefs>
                    <TrackedMethodRef uid="66" vc="1" />
                  </TrackedMethodRefs>
                </SequencePoint>
                <SequencePoint vc="1" uspid="57" ordinal="4" offset="27" sl="109" sc="13" el="109" ec="47" bec="0" bev="0" fileid="1">
                  <TrackedMethodRefs>
                    <TrackedMethodRef uid="66" vc="1" />
                  </TrackedMethodRefs>
                </SequencePoint>
                <SequencePoint vc="1" uspid="58" ordinal="5" offset="41" sl="110" sc="13" el="110" ec="62" bec="0" bev="0" fileid="1">
                  <TrackedMethodRefs>
                    <TrackedMethodRef uid="66" vc="1" />
                  </TrackedMethodRefs>
                </SequencePoint>
                <SequencePoint vc="1" uspid="59" ordinal="6" offset="59" sl="111" sc="9" el="111" ec="10" bec="0" bev="0" fileid="1">
                  <TrackedMethodRefs>
                    <TrackedMethodRef uid="66" vc="1" />
                  </TrackedMethodRefs>
                </SequencePoint>
              </SequencePoints>
              <BranchPoints />
              <MethodPoint xsi:type="SequencePoint" vc="1" uspid="53" ordinal="0" offset="0" sl="105" sc="9" el="105" ec="10" bec="0" bev="0" fileid="1">
                <TrackedMethodRefs>
                  <TrackedMethodRef uid="66" vc="1" />
                </TrackedMethodRefs>
              </MethodPoint>
            </Method>
            <Method visited="true" cyclomaticComplexity="1" nPathComplexity="0" sequenceCoverage="100" branchCoverage="100" crapScore="1" isConstructor="false" isStatic="false" isGetter="false" isSetter="false">
              <Summary numSequencePoints="6" visitedSequencePoints="6" numBranchPoints="1" visitedBranchPoints="1" sequenceCoverage="100" branchCoverage="100" maxCyclomaticComplexity="1" minCyclomaticComplexity="1" maxCrapScore="1" minCrapScore="1" visitedClasses="0" numClasses="0" visitedMethods="1" numMethods="1" />
              <MetadataToken>100663307</MetadataToken>
              <Name>System.Void Juke.UI.Tests.JukeViewModelTests::SelectConstantAsArtist_SelectAllAlbums()</Name>
              <FileRef uid="1" />
              <SequencePoints>
                <SequencePoint vc="1" uspid="60" ordinal="0" offset="0" sl="116" sc="9" el="116" ec="10" bec="0" bev="0" fileid="1">
                  <TrackedMethodRefs>
                    <TrackedMethodRef uid="67" vc="1" />
                  </TrackedMethodRefs>
                </SequencePoint>
                <SequencePoint vc="1" uspid="61" ordinal="1" offset="1" sl="117" sc="13" el="122" ec="20" bec="0" bev="0" fileid="1">
                  <TrackedMethodRefs>
                    <TrackedMethodRef uid="67" vc="1" />
                  </TrackedMethodRefs>
                </SequencePoint>
                <SequencePoint vc="1" uspid="62" ordinal="2" offset="67" sl="123" sc="13" el="123" ec="50" bec="0" bev="0" fileid="1">
                  <TrackedMethodRefs>
                    <TrackedMethodRef uid="67" vc="1" />
                  </TrackedMethodRefs>
                </SequencePoint>
                <SequencePoint vc="1" uspid="63" ordinal="3" offset="79" sl="124" sc="13" el="124" ec="57" bec="0" bev="0" fileid="1">
                  <TrackedMethodRefs>
                    <TrackedMethodRef uid="67" vc="1" />
                  </TrackedMethodRefs>
                </SequencePoint>
                <SequencePoint vc="1" uspid="64" ordinal="4" offset="91" sl="125" sc="13" el="125" ec="49" bec="0" bev="0" fileid="1">
                  <TrackedMethodRefs>
                    <TrackedMethodRef uid="67" vc="1" />
                  </TrackedMethodRefs>
                </SequencePoint>
                <SequencePoint vc="1" uspid="65" ordinal="5" offset="119" sl="126" sc="9" el="126" ec="10" bec="0" bev="0" fileid="1">
                  <TrackedMethodRefs>
                    <TrackedMethodRef uid="67" vc="1" />
                  </TrackedMethodRefs>
                </SequencePoint>
              </SequencePoints>
              <BranchPoints />
              <MethodPoint xsi:type="SequencePoint" vc="1" uspid="60" ordinal="0" offset="0" sl="116" sc="9" el="116" ec="10" bec="0" bev="0" fileid="1">
                <TrackedMethodRefs>
                  <TrackedMethodRef uid="67" vc="1" />
                </TrackedMethodRefs>
              </MethodPoint>
            </Method>
            <Method visited="true" cyclomaticComplexity="1" nPathComplexity="0" sequenceCoverage="100" branchCoverage="100" crapScore="1" isConstructor="false" isStatic="false" isGetter="false" isSetter="false">
              <Summary numSequencePoints="7" visitedSequencePoints="7" numBranchPoints="1" visitedBranchPoints="1" sequenceCoverage="100" branchCoverage="100" maxCyclomaticComplexity="1" minCyclomaticComplexity="1" maxCrapScore="1" minCrapScore="1" visitedClasses="0" numClasses="0" visitedMethods="1" numMethods="1" />
              <MetadataToken>100663308</MetadataToken>
              <Name>System.Void Juke.UI.Tests.JukeViewModelTests::SelectConstantAsAlbum_SelectAllSongs()</Name>
              <FileRef uid="1" />
              <SequencePoints>
                <SequencePoint vc="1" uspid="66" ordinal="0" offset="0" sl="130" sc="9" el="130" ec="10" bec="0" bev="0" fileid="1">
                  <TrackedMethodRefs>
                    <TrackedMethodRef uid="68" vc="1" />
                  </TrackedMethodRefs>
                </SequencePoint>
                <SequencePoint vc="1" uspid="67" ordinal="1" offset="1" sl="131" sc="13" el="131" ec="46" bec="0" bev="0" fileid="1">
                  <TrackedMethodRefs>
                    <TrackedMethodRef uid="68" vc="1" />
                  </TrackedMethodRefs>
                </SequencePoint>
                <SequencePoint vc="1" uspid="68" ordinal="2" offset="11" sl="132" sc="13" el="132" ec="62" bec="0" bev="0" fileid="1">
                  <TrackedMethodRefs>
                    <TrackedMethodRef uid="68" vc="1" />
                  </TrackedMethodRefs>
                </SequencePoint>
                <SequencePoint vc="1" uspid="69" ordinal="3" offset="19" sl="133" sc="13" el="133" ec="48" bec="0" bev="0" fileid="1">
                  <TrackedMethodRefs>
                    <TrackedMethodRef uid="68" vc="1" />
                  </TrackedMethodRefs>
                </SequencePoint>
                <SequencePoint vc="1" uspid="70" ordinal="4" offset="31" sl="134" sc="13" el="134" ec="55" bec="0" bev="0" fileid="1">
                  <TrackedMethodRefs>
                    <TrackedMethodRef uid="68" vc="1" />
                  </TrackedMethodRefs>
                </SequencePoint>
                <SequencePoint vc="1" uspid="71" ordinal="5" offset="43" sl="135" sc="13" el="135" ec="48" bec="0" bev="0" fileid="1">
                  <TrackedMethodRefs>
                    <TrackedMethodRef uid="68" vc="1" />
                  </TrackedMethodRefs>
                </SequencePoint>
                <SequencePoint vc="1" uspid="72" ordinal="6" offset="71" sl="136" sc="9" el="136" ec="10" bec="0" bev="0" fileid="1">
                  <TrackedMethodRefs>
                    <TrackedMethodRef uid="68" vc="1" />
                  </TrackedMethodRefs>
                </SequencePoint>
              </SequencePoints>
              <BranchPoints />
              <MethodPoint xsi:type="SequencePoint" vc="1" uspid="66" ordinal="0" offset="0" sl="130" sc="9" el="130" ec="10" bec="0" bev="0" fileid="1">
                <TrackedMethodRefs>
                  <TrackedMethodRef uid="68" vc="1" />
                </TrackedMethodRefs>
              </MethodPoint>
            </Method>
            <Method visited="true" cyclomaticComplexity="1" nPathComplexity="0" sequenceCoverage="100" branchCoverage="100" crapScore="1" isConstructor="false" isStatic="false" isGetter="false" isSetter="false">
              <Summary numSequencePoints="8" visitedSequencePoints="8" numBranchPoints="1" visitedBranchPoints="1" sequenceCoverage="100" branchCoverage="100" maxCyclomaticComplexity="1" minCyclomaticComplexity="1" maxCrapScore="1" minCrapScore="1" visitedClasses="0" numClasses="0" visitedMethods="1" numMethods="1" />
              <MetadataToken>100663309</MetadataToken>
              <Name>Juke.UI.JukeViewModel Juke.UI.Tests.JukeViewModelTests::InitializeLoadedViewModel(System.Collections.Generic.IList`1&lt;DataModel.Song&gt;)</Name>
              <FileRef uid="1" />
              <SequencePoints>
                <SequencePoint vc="9" uspid="73" ordinal="0" offset="0" sl="139" sc="9" el="139" ec="10" bec="0" bev="0" fileid="1">
                  <TrackedMethodRefs>
                    <TrackedMethodRef uid="60" vc="1" />
                    <TrackedMethodRef uid="65" vc="1" />
                    <TrackedMethodRef uid="63" vc="1" />
                    <TrackedMethodRef uid="61" vc="1" />
                    <TrackedMethodRef uid="68" vc="1" />
                    <TrackedMethodRef uid="67" vc="1" />
                    <TrackedMethodRef uid="64" vc="1" />
                    <TrackedMethodRef uid="62" vc="1" />
                    <TrackedMethodRef uid="66" vc="1" />
                  </TrackedMethodRefs>
                </SequencePoint>
                <SequencePoint vc="9" uspid="74" ordinal="1" offset="1" sl="140" sc="13" el="140" ec="54" bec="0" bev="0" fileid="1">
                  <TrackedMethodRefs>
                    <TrackedMethodRef uid="60" vc="1" />
                    <TrackedMethodRef uid="65" vc="1" />
                    <TrackedMethodRef uid="63" vc="1" />
                    <TrackedMethodRef uid="61" vc="1" />
                    <TrackedMethodRef uid="68" vc="1" />
                    <TrackedMethodRef uid="67" vc="1" />
                    <TrackedMethodRef uid="64" vc="1" />
                    <TrackedMethodRef uid="62" vc="1" />
                    <TrackedMethodRef uid="66" vc="1" />
                  </TrackedMethodRefs>
                </SequencePoint>
                <SequencePoint vc="9" uspid="75" ordinal="2" offset="9" sl="141" sc="13" el="141" ec="59" bec="0" bev="0" fileid="1">
                  <TrackedMethodRefs>
                    <TrackedMethodRef uid="60" vc="1" />
                    <TrackedMethodRef uid="65" vc="1" />
                    <TrackedMethodRef uid="63" vc="1" />
                    <TrackedMethodRef uid="61" vc="1" />
                    <TrackedMethodRef uid="68" vc="1" />
                    <TrackedMethodRef uid="67" vc="1" />
                    <TrackedMethodRef uid="64" vc="1" />
                    <TrackedMethodRef uid="62" vc="1" />
                    <TrackedMethodRef uid="66" vc="1" />
                  </TrackedMethodRefs>
                </SequencePoint>
                <SequencePoint vc="9" uspid="76" ordinal="3" offset="20" sl="142" sc="13" el="142" ec="58" bec="0" bev="0" fileid="1">
                  <TrackedMethodRefs>
                    <TrackedMethodRef uid="60" vc="1" />
                    <TrackedMethodRef uid="65" vc="1" />
                    <TrackedMethodRef uid="63" vc="1" />
                    <TrackedMethodRef uid="61" vc="1" />
                    <TrackedMethodRef uid="68" vc="1" />
                    <TrackedMethodRef uid="67" vc="1" />
                    <TrackedMethodRef uid="64" vc="1" />
                    <TrackedMethodRef uid="62" vc="1" />
                    <TrackedMethodRef uid="66" vc="1" />
                  </TrackedMethodRefs>
                </SequencePoint>
                <SequencePoint vc="9" uspid="77" ordinal="4" offset="28" sl="143" sc="13" el="143" ec="47" bec="0" bev="0" fileid="1">
                  <TrackedMethodRefs>
                    <TrackedMethodRef uid="60" vc="1" />
                    <TrackedMethodRef uid="65" vc="1" />
                    <TrackedMethodRef uid="63" vc="1" />
                    <TrackedMethodRef uid="61" vc="1" />
                    <TrackedMethodRef uid="68" vc="1" />
                    <TrackedMethodRef uid="67" vc="1" />
                    <TrackedMethodRef uid="64" vc="1" />
                    <TrackedMethodRef uid="62" vc="1" />
                    <TrackedMethodRef uid="66" vc="1" />
                  </TrackedMethodRefs>
                </SequencePoint>
                <SequencePoint vc="9" uspid="78" ordinal="5" offset="41" sl="144" sc="13" el="144" ec="41" bec="0" bev="0" fileid="1">
                  <TrackedMethodRefs>
                    <TrackedMethodRef uid="60" vc="1" />
                    <TrackedMethodRef uid="65" vc="1" />
                    <TrackedMethodRef uid="63" vc="1" />
                    <TrackedMethodRef uid="61" vc="1" />
                    <TrackedMethodRef uid="68" vc="1" />
                    <TrackedMethodRef uid="67" vc="1" />
                    <TrackedMethodRef uid="64" vc="1" />
                    <TrackedMethodRef uid="62" vc="1" />
                    <TrackedMethodRef uid="66" vc="1" />
                  </TrackedMethodRefs>
                </SequencePoint>
                <SequencePoint vc="9" uspid="79" ordinal="6" offset="48" sl="145" sc="13" el="145" ec="30" bec="0" bev="0" fileid="1">
                  <TrackedMethodRefs>
                    <TrackedMethodRef uid="60" vc="1" />
                    <TrackedMethodRef uid="65" vc="1" />
                    <TrackedMethodRef uid="63" vc="1" />
                    <TrackedMethodRef uid="61" vc="1" />
                    <TrackedMethodRef uid="68" vc="1" />
                    <TrackedMethodRef uid="67" vc="1" />
                    <TrackedMethodRef uid="64" vc="1" />
                    <TrackedMethodRef uid="62" vc="1" />
                    <TrackedMethodRef uid="66" vc="1" />
                  </TrackedMethodRefs>
                </SequencePoint>
                <SequencePoint vc="9" uspid="80" ordinal="7" offset="52" sl="146" sc="9" el="146" ec="10" bec="0" bev="0" fileid="1">
                  <TrackedMethodRefs>
                    <TrackedMethodRef uid="60" vc="1" />
                    <TrackedMethodRef uid="65" vc="1" />
                    <TrackedMethodRef uid="63" vc="1" />
                    <TrackedMethodRef uid="61" vc="1" />
                    <TrackedMethodRef uid="68" vc="1" />
                    <TrackedMethodRef uid="67" vc="1" />
                    <TrackedMethodRef uid="64" vc="1" />
                    <TrackedMethodRef uid="62" vc="1" />
                    <TrackedMethodRef uid="66" vc="1" />
                  </TrackedMethodRefs>
                </SequencePoint>
              </SequencePoints>
              <BranchPoints />
              <MethodPoint xsi:type="SequencePoint" vc="9" uspid="73" ordinal="0" offset="0" sl="139" sc="9" el="139" ec="10" bec="0" bev="0" fileid="1">
                <TrackedMethodRefs>
                  <TrackedMethodRef uid="60" vc="1" />
                  <TrackedMethodRef uid="65" vc="1" />
                  <TrackedMethodRef uid="63" vc="1" />
                  <TrackedMethodRef uid="61" vc="1" />
                  <TrackedMethodRef uid="68" vc="1" />
                  <TrackedMethodRef uid="67" vc="1" />
                  <TrackedMethodRef uid="64" vc="1" />
                  <TrackedMethodRef uid="62" vc="1" />
                  <TrackedMethodRef uid="66" vc="1" />
                </TrackedMethodRefs>
              </MethodPoint>
            </Method>
            <Method visited="true" cyclomaticComplexity="1" nPathComplexity="0" sequenceCoverage="100" branchCoverage="100" crapScore="1" isConstructor="false" isStatic="false" isGetter="false" isSetter="false">
              <Summary numSequencePoints="5" visitedSequencePoints="5" numBranchPoints="1" visitedBranchPoints="1" sequenceCoverage="100" branchCoverage="100" maxCyclomaticComplexity="1" minCyclomaticComplexity="1" maxCrapScore="1" minCrapScore="1" visitedClasses="0" numClasses="0" visitedMethods="1" numMethods="1" />
              <MetadataToken>100663310</MetadataToken>
              <Name>Juke.Control.Tests.FakeAsyncSongLoader Juke.UI.Tests.JukeViewModelTests::CreateFakeLoader()</Name>
              <FileRef uid="1" />
              <SequencePoints>
                <SequencePoint vc="2" uspid="81" ordinal="0" offset="0" sl="149" sc="9" el="149" ec="10" bec="0" bev="0" fileid="1">
                  <TrackedMethodRefs>
                    <TrackedMethodRef uid="58" vc="1" />
                    <TrackedMethodRef uid="59" vc="1" />
                  </TrackedMethodRefs>
                </SequencePoint>
                <SequencePoint vc="2" uspid="82" ordinal="1" offset="1" sl="150" sc="13" el="150" ec="56" bec="0" bev="0" fileid="1">
                  <TrackedMethodRefs>
                    <TrackedMethodRef uid="58" vc="1" />
                    <TrackedMethodRef uid="59" vc="1" />
                  </TrackedMethodRefs>
                </SequencePoint>
                <SequencePoint vc="2" uspid="83" ordinal="2" offset="7" sl="151" sc="13" el="151" ec="57" bec="0" bev="0" fileid="1">
                  <TrackedMethodRefs>
                    <TrackedMethodRef uid="58" vc="1" />
                    <TrackedMethodRef uid="59" vc="1" />
                  </TrackedMethodRefs>
                </SequencePoint>
                <SequencePoint vc="2" uspid="84" ordinal="3" offset="14" sl="152" sc="13" el="152" ec="31" bec="0" bev="0" fileid="1">
                  <TrackedMethodRefs>
                    <TrackedMethodRef uid="58" vc="1" />
                    <TrackedMethodRef uid="59" vc="1" />
                  </TrackedMethodRefs>
                </SequencePoint>
                <SequencePoint vc="2" uspid="85" ordinal="4" offset="18" sl="153" sc="9" el="153" ec="10" bec="0" bev="0" fileid="1">
                  <TrackedMethodRefs>
                    <TrackedMethodRef uid="58" vc="1" />
                    <TrackedMethodRef uid="59" vc="1" />
                  </TrackedMethodRefs>
                </SequencePoint>
              </SequencePoints>
              <BranchPoints />
              <MethodPoint xsi:type="SequencePoint" vc="2" uspid="81" ordinal="0" offset="0" sl="149" sc="9" el="149" ec="10" bec="0" bev="0" fileid="1">
                <TrackedMethodRefs>
                  <TrackedMethodRef uid="58" vc="1" />
                  <TrackedMethodRef uid="59" vc="1" />
                </TrackedMethodRefs>
              </MethodPoint>
            </Method>
            <Method visited="true" cyclomaticComplexity="1" nPathComplexity="0" sequenceCoverage="100" branchCoverage="100" crapScore="1" isConstructor="false" isStatic="false" isGetter="false" isSetter="false">
              <Summary numSequencePoints="5" visitedSequencePoints="5" numBranchPoints="1" visitedBranchPoints="1" sequenceCoverage="100" branchCoverage="100" maxCyclomaticComplexity="1" minCyclomaticComplexity="1" maxCrapScore="1" minCrapScore="1" visitedClasses="0" numClasses="0" visitedMethods="1" numMethods="1" />
              <MetadataToken>100663311</MetadataToken>
              <Name>Juke.Control.Tests.FakeAsyncSongLoader Juke.UI.Tests.JukeViewModelTests::CreateFakeLoader(System.Collections.Generic.IList`1&lt;DataModel.Song&gt;)</Name>
              <FileRef uid="1" />
              <SequencePoints>
                <SequencePoint vc="9" uspid="86" ordinal="0" offset="0" sl="156" sc="9" el="156" ec="10" bec="0" bev="0" fileid="1">
                  <TrackedMethodRefs>
                    <TrackedMethodRef uid="60" vc="1" />
                    <TrackedMethodRef uid="65" vc="1" />
                    <TrackedMethodRef uid="63" vc="1" />
                    <TrackedMethodRef uid="61" vc="1" />
                    <TrackedMethodRef uid="68" vc="1" />
                    <TrackedMethodRef uid="67" vc="1" />
                    <TrackedMethodRef uid="64" vc="1" />
                    <TrackedMethodRef uid="62" vc="1" />
                    <TrackedMethodRef uid="66" vc="1" />
                  </TrackedMethodRefs>
                </SequencePoint>
                <SequencePoint vc="9" uspid="87" ordinal="1" offset="1" sl="157" sc="13" el="157" ec="61" bec="0" bev="0" fileid="1">
                  <TrackedMethodRefs>
                    <TrackedMethodRef uid="60" vc="1" />
                    <TrackedMethodRef uid="65" vc="1" />
                    <TrackedMethodRef uid="63" vc="1" />
                    <TrackedMethodRef uid="61" vc="1" />
                    <TrackedMethodRef uid="68" vc="1" />
                    <TrackedMethodRef uid="67" vc="1" />
                    <TrackedMethodRef uid="64" vc="1" />
                    <TrackedMethodRef uid="62" vc="1" />
                    <TrackedMethodRef uid="66" vc="1" />
                  </TrackedMethodRefs>
                </SequencePoint>
                <SequencePoint vc="9" uspid="88" ordinal="2" offset="8" sl="158" sc="13" el="158" ec="57" bec="0" bev="0" fileid="1">
                  <TrackedMethodRefs>
                    <TrackedMethodRef uid="60" vc="1" />
                    <TrackedMethodRef uid="65" vc="1" />
                    <TrackedMethodRef uid="63" vc="1" />
                    <TrackedMethodRef uid="61" vc="1" />
                    <TrackedMethodRef uid="68" vc="1" />
                    <TrackedMethodRef uid="67" vc="1" />
                    <TrackedMethodRef uid="64" vc="1" />
                    <TrackedMethodRef uid="62" vc="1" />
                    <TrackedMethodRef uid="66" vc="1" />
                  </TrackedMethodRefs>
                </SequencePoint>
                <SequencePoint vc="9" uspid="89" ordinal="3" offset="15" sl="159" sc="13" el="159" ec="31" bec="0" bev="0" fileid="1">
                  <TrackedMethodRefs>
                    <TrackedMethodRef uid="60" vc="1" />
                    <TrackedMethodRef uid="65" vc="1" />
                    <TrackedMethodRef uid="63" vc="1" />
                    <TrackedMethodRef uid="61" vc="1" />
                    <TrackedMethodRef uid="68" vc="1" />
                    <TrackedMethodRef uid="67" vc="1" />
                    <TrackedMethodRef uid="64" vc="1" />
                    <TrackedMethodRef uid="62" vc="1" />
                    <TrackedMethodRef uid="66" vc="1" />
                  </TrackedMethodRefs>
                </SequencePoint>
                <SequencePoint vc="9" uspid="90" ordinal="4" offset="19" sl="160" sc="9" el="160" ec="10" bec="0" bev="0" fileid="1">
                  <TrackedMethodRefs>
                    <TrackedMethodRef uid="60" vc="1" />
                    <TrackedMethodRef uid="65" vc="1" />
                    <TrackedMethodRef uid="63" vc="1" />
                    <TrackedMethodRef uid="61" vc="1" />
                    <TrackedMethodRef uid="68" vc="1" />
                    <TrackedMethodRef uid="67" vc="1" />
                    <TrackedMethodRef uid="64" vc="1" />
                    <TrackedMethodRef uid="62" vc="1" />
                    <TrackedMethodRef uid="66" vc="1" />
                  </TrackedMethodRefs>
                </SequencePoint>
              </SequencePoints>
              <BranchPoints />
              <MethodPoint xsi:type="SequencePoint" vc="9" uspid="86" ordinal="0" offset="0" sl="156" sc="9" el="156" ec="10" bec="0" bev="0" fileid="1">
                <TrackedMethodRefs>
                  <TrackedMethodRef uid="60" vc="1" />
                  <TrackedMethodRef uid="65" vc="1" />
                  <TrackedMethodRef uid="63" vc="1" />
                  <TrackedMethodRef uid="61" vc="1" />
                  <TrackedMethodRef uid="68" vc="1" />
                  <TrackedMethodRef uid="67" vc="1" />
                  <TrackedMethodRef uid="64" vc="1" />
                  <TrackedMethodRef uid="62" vc="1" />
                  <TrackedMethodRef uid="66" vc="1" />
                </TrackedMethodRefs>
              </MethodPoint>
            </Method>
            <Method visited="true" cyclomaticComplexity="1" nPathComplexity="0" sequenceCoverage="100" branchCoverage="100" crapScore="1" isConstructor="false" isStatic="false" isGetter="false" isSetter="false">
              <Summary numSequencePoints="3" visitedSequencePoints="3" numBranchPoints="1" visitedBranchPoints="1" sequenceCoverage="100" branchCoverage="100" maxCyclomaticComplexity="1" minCyclomaticComplexity="1" maxCrapScore="1" minCrapScore="1" visitedClasses="0" numClasses="0" visitedMethods="1" numMethods="1" />
              <MetadataToken>100663312</MetadataToken>
              <Name>Juke.UI.JukeViewModel Juke.UI.Tests.JukeViewModelTests::CreateViewModel(Juke.UI.Tests.FakeViewControl)</Name>
              <FileRef uid="1" />
              <SequencePoints>
                <SequencePoint vc="11" uspid="91" ordinal="0" offset="0" sl="163" sc="9" el="163" ec="10" bec="0" bev="0" fileid="1">
                  <TrackedMethodRefs>
                    <TrackedMethodRef uid="58" vc="1" />
                    <TrackedMethodRef uid="59" vc="1" />
                    <TrackedMethodRef uid="60" vc="1" />
                    <TrackedMethodRef uid="65" vc="1" />
                    <TrackedMethodRef uid="63" vc="1" />
                    <TrackedMethodRef uid="61" vc="1" />
                    <TrackedMethodRef uid="68" vc="1" />
                    <TrackedMethodRef uid="67" vc="1" />
                    <TrackedMethodRef uid="64" vc="1" />
                    <TrackedMethodRef uid="62" vc="1" />
                    <TrackedMethodRef uid="66" vc="1" />
                  </TrackedMethodRefs>
                </SequencePoint>
                <SequencePoint vc="11" uspid="92" ordinal="1" offset="1" sl="164" sc="13" el="164" ec="51" bec="0" bev="0" fileid="1">
                  <TrackedMethodRefs>
                    <TrackedMethodRef uid="58" vc="1" />
                    <TrackedMethodRef uid="59" vc="1" />
                    <TrackedMethodRef uid="60" vc="1" />
                    <TrackedMethodRef uid="65" vc="1" />
                    <TrackedMethodRef uid="63" vc="1" />
                    <TrackedMethodRef uid="61" vc="1" />
                    <TrackedMethodRef uid="68" vc="1" />
                    <TrackedMethodRef uid="67" vc="1" />
                    <TrackedMethodRef uid="64" vc="1" />
                    <TrackedMethodRef uid="62" vc="1" />
                    <TrackedMethodRef uid="66" vc="1" />
                  </TrackedMethodRefs>
                </SequencePoint>
                <SequencePoint vc="11" uspid="93" ordinal="2" offset="10" sl="165" sc="9" el="165" ec="10" bec="0" bev="0" fileid="1">
                  <TrackedMethodRefs>
                    <TrackedMethodRef uid="58" vc="1" />
                    <TrackedMethodRef uid="59" vc="1" />
                    <TrackedMethodRef uid="60" vc="1" />
                    <TrackedMethodRef uid="65" vc="1" />
                    <TrackedMethodRef uid="63" vc="1" />
                    <TrackedMethodRef uid="61" vc="1" />
                    <TrackedMethodRef uid="68" vc="1" />
                    <TrackedMethodRef uid="67" vc="1" />
                    <TrackedMethodRef uid="64" vc="1" />
                    <TrackedMethodRef uid="62" vc="1" />
                    <TrackedMethodRef uid="66" vc="1" />
                  </TrackedMethodRefs>
                </SequencePoint>
              </SequencePoints>
              <BranchPoints />
              <MethodPoint xsi:type="SequencePoint" vc="11" uspid="91" ordinal="0" offset="0" sl="163" sc="9" el="163" ec="10" bec="0" bev="0" fileid="1">
                <TrackedMethodRefs>
                  <TrackedMethodRef uid="58" vc="1" />
                  <TrackedMethodRef uid="59" vc="1" />
                  <TrackedMethodRef uid="60" vc="1" />
                  <TrackedMethodRef uid="65" vc="1" />
                  <TrackedMethodRef uid="63" vc="1" />
                  <TrackedMethodRef uid="61" vc="1" />
                  <TrackedMethodRef uid="68" vc="1" />
                  <TrackedMethodRef uid="67" vc="1" />
                  <TrackedMethodRef uid="64" vc="1" />
                  <TrackedMethodRef uid="62" vc="1" />
                  <TrackedMethodRef uid="66" vc="1" />
                </TrackedMethodRefs>
              </MethodPoint>
            </Method>
            <Method visited="true" cyclomaticComplexity="4" nPathComplexity="8" sequenceCoverage="100" branchCoverage="100" crapScore="4" isConstructor="false" isStatic="false" isGetter="false" isSetter="false">
              <Summary numSequencePoints="20" visitedSequencePoints="20" numBranchPoints="7" visitedBranchPoints="7" sequenceCoverage="100" branchCoverage="100" maxCyclomaticComplexity="4" minCyclomaticComplexity="4" maxCrapScore="4" minCrapScore="4" visitedClasses="0" numClasses="0" visitedMethods="1" numMethods="1" />
              <MetadataToken>100663313</MetadataToken>
              <Name>System.Collections.Generic.List`1&lt;DataModel.Song&gt; Juke.UI.Tests.JukeViewModelTests::CreateSongs(System.Int32,System.Int32,System.Int32)</Name>
              <FileRef uid="1" />
              <SequencePoints>
                <SequencePoint vc="6" uspid="94" ordinal="0" offset="0" sl="168" sc="9" el="168" ec="10" bec="0" bev="0" fileid="1">
                  <TrackedMethodRefs>
                    <TrackedMethodRef uid="60" vc="1" />
                    <TrackedMethodRef uid="65" vc="1" />
                    <TrackedMethodRef uid="63" vc="1" />
                    <TrackedMethodRef uid="68" vc="1" />
                    <TrackedMethodRef uid="64" vc="1" />
                    <TrackedMethodRef uid="66" vc="1" />
                  </TrackedMethodRefs>
                </SequencePoint>
                <SequencePoint vc="6" uspid="95" ordinal="1" offset="1" sl="169" sc="13" el="169" ec="45" bec="0" bev="0" fileid="1">
                  <TrackedMethodRefs>
                    <TrackedMethodRef uid="60" vc="1" />
                    <TrackedMethodRef uid="65" vc="1" />
                    <TrackedMethodRef uid="63" vc="1" />
                    <TrackedMethodRef uid="68" vc="1" />
                    <TrackedMethodRef uid="64" vc="1" />
                    <TrackedMethodRef uid="66" vc="1" />
                  </TrackedMethodRefs>
                </SequencePoint>
                <SequencePoint vc="6" uspid="96" ordinal="2" offset="7" sl="170" sc="18" el="170" ec="32" bec="0" bev="0" fileid="1">
                  <TrackedMethodRefs>
                    <TrackedMethodRef uid="60" vc="1" />
                    <TrackedMethodRef uid="65" vc="1" />
                    <TrackedMethodRef uid="63" vc="1" />
                    <TrackedMethodRef uid="68" vc="1" />
                    <TrackedMethodRef uid="64" vc="1" />
                    <TrackedMethodRef uid="66" vc="1" />
                  </TrackedMethodRefs>
                </SequencePoint>
                <SequencePoint vc="7" uspid="97" ordinal="3" offset="14" sl="171" sc="13" el="171" ec="14" bec="0" bev="0" fileid="1">
                  <TrackedMethodRefs>
                    <TrackedMethodRef uid="60" vc="2" />
                    <TrackedMethodRef uid="65" vc="1" />
                    <TrackedMethodRef uid="63" vc="1" />
                    <TrackedMethodRef uid="68" vc="1" />
                    <TrackedMethodRef uid="64" vc="1" />
                    <TrackedMethodRef uid="66" vc="1" />
                  </TrackedMethodRefs>
                </SequencePoint>
                <SequencePoint vc="7" uspid="98" ordinal="4" offset="15" sl="172" sc="22" el="172" ec="35" bec="0" bev="0" fileid="1">
                  <TrackedMethodRefs>
                    <TrackedMethodRef uid="60" vc="2" />
                    <TrackedMethodRef uid="65" vc="1" />
                    <TrackedMethodRef uid="63" vc="1" />
                    <TrackedMethodRef uid="68" vc="1" />
                    <TrackedMethodRef uid="64" vc="1" />
                    <TrackedMethodRef uid="66" vc="1" />
                  </TrackedMethodRefs>
                </SequencePoint>
                <SequencePoint vc="14" uspid="99" ordinal="5" offset="22" sl="173" sc="17" el="173" ec="18" bec="0" bev="0" fileid="1">
                  <TrackedMethodRefs>
                    <TrackedMethodRef uid="60" vc="4" />
                    <TrackedMethodRef uid="65" vc="2" />
                    <TrackedMethodRef uid="63" vc="2" />
                    <TrackedMethodRef uid="68" vc="2" />
                    <TrackedMethodRef uid="64" vc="2" />
                    <TrackedMethodRef uid="66" vc="2" />
                  </TrackedMethodRefs>
                </SequencePoint>
                <SequencePoint vc="14" uspid="100" ordinal="6" offset="23" sl="174" sc="26" el="174" ec="38" bec="0" bev="0" fileid="1">
                  <TrackedMethodRefs>
                    <TrackedMethodRef uid="60" vc="4" />
                    <TrackedMethodRef uid="65" vc="2" />
                    <TrackedMethodRef uid="63" vc="2" />
                    <TrackedMethodRef uid="68" vc="2" />
                    <TrackedMethodRef uid="64" vc="2" />
                    <TrackedMethodRef uid="66" vc="2" />
                  </TrackedMethodRefs>
                </SequencePoint>
                <SequencePoint vc="40" uspid="101" ordinal="7" offset="30" sl="175" sc="21" el="175" ec="22" bec="0" bev="0" fileid="1">
                  <TrackedMethodRefs>
                    <TrackedMethodRef uid="60" vc="4" />
                    <TrackedMethodRef uid="65" vc="6" />
                    <TrackedMethodRef uid="63" vc="8" />
                    <TrackedMethodRef uid="68" vc="8" />
                    <TrackedMethodRef uid="64" vc="8" />
                    <TrackedMethodRef uid="66" vc="6" />
                  </TrackedMethodRefs>
                </SequencePoint>
                <SequencePoint vc="40" uspid="102" ordinal="8" offset="31" sl="176" sc="25" el="177" ec="91" bec="0" bev="0" fileid="1">
                  <TrackedMethodRefs>
                    <TrackedMethodRef uid="60" vc="4" />
                    <TrackedMethodRef uid="65" vc="6" />
                    <TrackedMethodRef uid="63" vc="8" />
                    <TrackedMethodRef uid="68" vc="8" />
                    <TrackedMethodRef uid="64" vc="8" />
                    <TrackedMethodRef uid="66" vc="6" />
                  </TrackedMethodRefs>
                </SequencePoint>
                <SequencePoint vc="40" uspid="103" ordinal="9" offset="160" sl="178" sc="21" el="178" ec="22" bec="0" bev="0" fileid="1">
                  <TrackedMethodRefs>
                    <TrackedMethodRef uid="60" vc="4" />
                    <TrackedMethodRef uid="65" vc="6" />
                    <TrackedMethodRef uid="63" vc="8" />
                    <TrackedMethodRef uid="68" vc="8" />
                    <TrackedMethodRef uid="64" vc="8" />
                    <TrackedMethodRef uid="66" vc="6" />
                  </TrackedMethodRefs>
                </SequencePoint>
                <SequencePoint vc="40" uspid="104" ordinal="10" offset="161" sl="174" sc="57" el="174" ec="63" bec="0" bev="0" fileid="1">
                  <TrackedMethodRefs>
                    <TrackedMethodRef uid="60" vc="4" />
                    <TrackedMethodRef uid="65" vc="6" />
                    <TrackedMethodRef uid="63" vc="8" />
                    <TrackedMethodRef uid="68" vc="8" />
                    <TrackedMethodRef uid="64" vc="8" />
                    <TrackedMethodRef uid="66" vc="6" />
                  </TrackedMethodRefs>
                </SequencePoint>
                <SequencePoint vc="54" uspid="105" ordinal="11" offset="165" sl="174" sc="40" el="174" ec="55" bec="2" bev="2" fileid="1">
                  <TrackedMethodRefs>
                    <TrackedMethodRef uid="60" vc="8" />
                    <TrackedMethodRef uid="65" vc="8" />
                    <TrackedMethodRef uid="63" vc="10" />
                    <TrackedMethodRef uid="68" vc="10" />
                    <TrackedMethodRef uid="64" vc="10" />
                    <TrackedMethodRef uid="66" vc="8" />
                  </TrackedMethodRefs>
                </SequencePoint>
                <SequencePoint vc="14" uspid="106" ordinal="12" offset="181" sl="179" sc="17" el="179" ec="18" bec="0" bev="0" fileid="1">
                  <TrackedMethodRefs>
                    <TrackedMethodRef uid="60" vc="4" />
                    <TrackedMethodRef uid="65" vc="2" />
                    <TrackedMethodRef uid="63" vc="2" />
                    <TrackedMethodRef uid="68" vc="2" />
                    <TrackedMethodRef uid="64" vc="2" />
                    <TrackedMethodRef uid="66" vc="2" />
                  </TrackedMethodRefs>
                </SequencePoint>
                <SequencePoint vc="14" uspid="107" ordinal="13" offset="182" sl="172" sc="56" el="172" ec="63" bec="0" bev="0" fileid="1">
                  <TrackedMethodRefs>
                    <TrackedMethodRef uid="60" vc="4" />
                    <TrackedMethodRef uid="65" vc="2" />
                    <TrackedMethodRef uid="63" vc="2" />
                    <TrackedMethodRef uid="68" vc="2" />
                    <TrackedMethodRef uid="64" vc="2" />
                    <TrackedMethodRef uid="66" vc="2" />
                  </TrackedMethodRefs>
                </SequencePoint>
                <SequencePoint vc="21" uspid="108" ordinal="14" offset="186" sl="172" sc="37" el="172" ec="54" bec="2" bev="2" fileid="1">
                  <TrackedMethodRefs>
                    <TrackedMethodRef uid="60" vc="6" />
                    <TrackedMethodRef uid="65" vc="3" />
                    <TrackedMethodRef uid="63" vc="3" />
                    <TrackedMethodRef uid="68" vc="3" />
                    <TrackedMethodRef uid="64" vc="3" />
                    <TrackedMethodRef uid="66" vc="3" />
                  </TrackedMethodRefs>
                </SequencePoint>
                <SequencePoint vc="7" uspid="109" ordinal="15" offset="202" sl="180" sc="13" el="180" ec="14" bec="0" bev="0" fileid="1">
                  <TrackedMethodRefs>
                    <TrackedMethodRef uid="60" vc="2" />
                    <TrackedMethodRef uid="65" vc="1" />
                    <TrackedMethodRef uid="63" vc="1" />
                    <TrackedMethodRef uid="68" vc="1" />
                    <TrackedMethodRef uid="64" vc="1" />
                    <TrackedMethodRef uid="66" vc="1" />
                  </TrackedMethodRefs>
                </SequencePoint>
                <SequencePoint vc="7" uspid="110" ordinal="16" offset="203" sl="170" sc="55" el="170" ec="63" bec="0" bev="0" fileid="1">
                  <TrackedMethodRefs>
                    <TrackedMethodRef uid="60" vc="2" />
                    <TrackedMethodRef uid="65" vc="1" />
                    <TrackedMethodRef uid="63" vc="1" />
                    <TrackedMethodRef uid="68" vc="1" />
                    <TrackedMethodRef uid="64" vc="1" />
                    <TrackedMethodRef uid="66" vc="1" />
                  </TrackedMethodRefs>
                </SequencePoint>
                <SequencePoint vc="13" uspid="111" ordinal="17" offset="207" sl="170" sc="34" el="170" ec="53" bec="2" bev="2" fileid="1">
                  <TrackedMethodRefs>
                    <TrackedMethodRef uid="60" vc="3" />
                    <TrackedMethodRef uid="65" vc="2" />
                    <TrackedMethodRef uid="63" vc="2" />
                    <TrackedMethodRef uid="68" vc="2" />
                    <TrackedMethodRef uid="64" vc="2" />
                    <TrackedMethodRef uid="66" vc="2" />
                  </TrackedMethodRefs>
                </SequencePoint>
                <SequencePoint vc="6" uspid="112" ordinal="18" offset="223" sl="182" sc="13" el="182" ec="29" bec="0" bev="0" fileid="1">
                  <TrackedMethodRefs>
                    <TrackedMethodRef uid="60" vc="1" />
                    <TrackedMethodRef uid="65" vc="1" />
                    <TrackedMethodRef uid="63" vc="1" />
                    <TrackedMethodRef uid="68" vc="1" />
                    <TrackedMethodRef uid="64" vc="1" />
                    <TrackedMethodRef uid="66" vc="1" />
                  </TrackedMethodRefs>
                </SequencePoint>
                <SequencePoint vc="6" uspid="113" ordinal="19" offset="228" sl="183" sc="9" el="183" ec="10" bec="0" bev="0" fileid="1">
                  <TrackedMethodRefs>
                    <TrackedMethodRef uid="60" vc="1" />
                    <TrackedMethodRef uid="65" vc="1" />
                    <TrackedMethodRef uid="63" vc="1" />
                    <TrackedMethodRef uid="68" vc="1" />
                    <TrackedMethodRef uid="64" vc="1" />
                    <TrackedMethodRef uid="66" vc="1" />
                  </TrackedMethodRefs>
                </SequencePoint>
              </SequencePoints>
              <BranchPoints>
                <BranchPoint vc="14" uspid="114" ordinal="0" offset="176" sl="174" path="0" offsetend="181" fileid="1">
                  <TrackedMethodRefs>
                    <TrackedMethodRef uid="60" vc="4" />
                    <TrackedMethodRef uid="65" vc="2" />
                    <TrackedMethodRef uid="63" vc="2" />
                    <TrackedMethodRef uid="68" vc="2" />
                    <TrackedMethodRef uid="64" vc="2" />
                    <TrackedMethodRef uid="66" vc="2" />
                  </TrackedMethodRefs>
                </BranchPoint>
                <BranchPoint vc="40" uspid="115" ordinal="1" offset="176" sl="174" path="1" offsetend="30" fileid="1">
                  <TrackedMethodRefs>
                    <TrackedMethodRef uid="60" vc="4" />
                    <TrackedMethodRef uid="65" vc="6" />
                    <TrackedMethodRef uid="63" vc="8" />
                    <TrackedMethodRef uid="68" vc="8" />
                    <TrackedMethodRef uid="64" vc="8" />
                    <TrackedMethodRef uid="66" vc="6" />
                  </TrackedMethodRefs>
                </BranchPoint>
                <BranchPoint vc="7" uspid="116" ordinal="2" offset="197" sl="172" path="0" offsetend="202" fileid="1">
                  <TrackedMethodRefs>
                    <TrackedMethodRef uid="60" vc="2" />
                    <TrackedMethodRef uid="65" vc="1" />
                    <TrackedMethodRef uid="63" vc="1" />
                    <TrackedMethodRef uid="68" vc="1" />
                    <TrackedMethodRef uid="64" vc="1" />
                    <TrackedMethodRef uid="66" vc="1" />
                  </TrackedMethodRefs>
                </BranchPoint>
                <BranchPoint vc="14" uspid="117" ordinal="3" offset="197" sl="172" path="1" offsetend="22" fileid="1">
                  <TrackedMethodRefs>
                    <TrackedMethodRef uid="60" vc="4" />
                    <TrackedMethodRef uid="65" vc="2" />
                    <TrackedMethodRef uid="63" vc="2" />
                    <TrackedMethodRef uid="68" vc="2" />
                    <TrackedMethodRef uid="64" vc="2" />
                    <TrackedMethodRef uid="66" vc="2" />
                  </TrackedMethodRefs>
                </BranchPoint>
                <BranchPoint vc="6" uspid="118" ordinal="4" offset="218" sl="170" path="0" offsetend="223" fileid="1">
                  <TrackedMethodRefs>
                    <TrackedMethodRef uid="60" vc="1" />
                    <TrackedMethodRef uid="65" vc="1" />
                    <TrackedMethodRef uid="63" vc="1" />
                    <TrackedMethodRef uid="68" vc="1" />
                    <TrackedMethodRef uid="64" vc="1" />
                    <TrackedMethodRef uid="66" vc="1" />
                  </TrackedMethodRefs>
                </BranchPoint>
                <BranchPoint vc="7" uspid="119" ordinal="5" offset="218" sl="170" path="1" offsetend="14" fileid="1">
                  <TrackedMethodRefs>
                    <TrackedMethodRef uid="60" vc="2" />
                    <TrackedMethodRef uid="65" vc="1" />
                    <TrackedMethodRef uid="63" vc="1" />
                    <TrackedMethodRef uid="68" vc="1" />
                    <TrackedMethodRef uid="64" vc="1" />
                    <TrackedMethodRef uid="66" vc="1" />
                  </TrackedMethodRefs>
                </BranchPoint>
              </BranchPoints>
              <MethodPoint xsi:type="SequencePoint" vc="6" uspid="94" ordinal="0" offset="0" sl="168" sc="9" el="168" ec="10" bec="0" bev="0" fileid="1">
                <TrackedMethodRefs>
                  <TrackedMethodRef uid="60" vc="1" />
                  <TrackedMethodRef uid="65" vc="1" />
                  <TrackedMethodRef uid="63" vc="1" />
                  <TrackedMethodRef uid="68" vc="1" />
                  <TrackedMethodRef uid="64" vc="1" />
                  <TrackedMethodRef uid="66" vc="1" />
                </TrackedMethodRefs>
              </MethodPoint>
            </Method>
            <Method visited="false" cyclomaticComplexity="1" nPathComplexity="0" sequenceCoverage="0" branchCoverage="0" crapScore="2" isConstructor="true" isStatic="false" isGetter="false" isSetter="false">
              <Summary numSequencePoints="0" visitedSequencePoints="0" numBranchPoints="0" visitedBranchPoints="0" sequenceCoverage="0" branchCoverage="0" maxCyclomaticComplexity="1" minCyclomaticComplexity="1" maxCrapScore="2" minCrapScore="2" visitedClasses="0" numClasses="0" visitedMethods="0" numMethods="0" />
              <MetadataToken>100663314</MetadataToken>
              <Name>System.Void Juke.UI.Tests.JukeViewModelTests::.ctor()</Name>
              <SequencePoints />
              <BranchPoints />
              <MethodPoint vc="0" uspid="120" ordinal="0" offset="0" />
            </Method>
          </Methods>
        </Class>
        <Class>
          <Summary numSequencePoints="116" visitedSequencePoints="0" numBranchPoints="24" visitedBranchPoints="0" sequenceCoverage="0" branchCoverage="0" maxCyclomaticComplexity="4" minCyclomaticComplexity="1" maxCrapScore="20" minCrapScore="2" visitedClasses="0" numClasses="1" visitedMethods="0" numMethods="18" />
          <FullName>Juke.Control.Tests.JukeControllerPlayerTests</FullName>
          <Methods>
            <Method visited="false" cyclomaticComplexity="1" nPathComplexity="0" sequenceCoverage="0" branchCoverage="0" crapScore="2" isConstructor="false" isStatic="false" isGetter="false" isSetter="false">
              <Summary numSequencePoints="4" visitedSequencePoints="0" numBranchPoints="1" visitedBranchPoints="0" sequenceCoverage="0" branchCoverage="0" maxCyclomaticComplexity="1" minCyclomaticComplexity="1" maxCrapScore="2" minCrapScore="2" visitedClasses="0" numClasses="0" visitedMethods="0" numMethods="1" />
              <MetadataToken>100663315</MetadataToken>
              <Name>System.Void Juke.Control.Tests.JukeControllerPlayerTests::Setup()</Name>
              <FileRef uid="2" />
              <SequencePoints>
                <SequencePoint vc="0" uspid="121" ordinal="0" offset="0" sl="20" sc="9" el="20" ec="10" bec="0" bev="0" fileid="2" />
                <SequencePoint vc="0" uspid="122" ordinal="1" offset="1" sl="21" sc="13" el="21" ec="47" bec="0" bev="0" fileid="2" />
                <SequencePoint vc="0" uspid="123" ordinal="2" offset="12" sl="22" sc="13" el="22" ec="73" bec="0" bev="0" fileid="2" />
                <SequencePoint vc="0" uspid="124" ordinal="3" offset="34" sl="23" sc="9" el="23" ec="10" bec="0" bev="0" fileid="2" />
              </SequencePoints>
              <BranchPoints />
              <MethodPoint xsi:type="SequencePoint" vc="0" uspid="121" ordinal="0" offset="0" sl="20" sc="9" el="20" ec="10" bec="0" bev="0" fileid="2" />
            </Method>
            <Method visited="false" cyclomaticComplexity="1" nPathComplexity="0" sequenceCoverage="0" branchCoverage="0" crapScore="2" isConstructor="false" isStatic="false" isGetter="false" isSetter="false">
              <Summary numSequencePoints="3" visitedSequencePoints="0" numBranchPoints="1" visitedBranchPoints="0" sequenceCoverage="0" branchCoverage="0" maxCyclomaticComplexity="1" minCyclomaticComplexity="1" maxCrapScore="2" minCrapScore="2" visitedClasses="0" numClasses="0" visitedMethods="0" numMethods="1" />
              <MetadataToken>100663316</MetadataToken>
              <Name>System.Void Juke.Control.Tests.JukeControllerPlayerTests::InitialState_NotPlayingAnything()</Name>
              <FileRef uid="2" />
              <SequencePoints>
                <SequencePoint vc="0" uspid="125" ordinal="0" offset="0" sl="27" sc="9" el="27" ec="10" bec="0" bev="0" fileid="2" />
                <SequencePoint vc="0" uspid="126" ordinal="1" offset="1" sl="28" sc="13" el="28" ec="62" bec="0" bev="0" fileid="2" />
                <SequencePoint vc="0" uspid="127" ordinal="2" offset="24" sl="29" sc="9" el="29" ec="10" bec="0" bev="0" fileid="2" />
              </SequencePoints>
              <BranchPoints />
              <MethodPoint xsi:type="SequencePoint" vc="0" uspid="125" ordinal="0" offset="0" sl="27" sc="9" el="27" ec="10" bec="0" bev="0" fileid="2" />
            </Method>
            <Method visited="false" cyclomaticComplexity="1" nPathComplexity="0" sequenceCoverage="0" branchCoverage="0" crapScore="2" isConstructor="false" isStatic="false" isGetter="false" isSetter="false">
              <Summary numSequencePoints="5" visitedSequencePoints="0" numBranchPoints="1" visitedBranchPoints="0" sequenceCoverage="0" branchCoverage="0" maxCyclomaticComplexity="1" minCyclomaticComplexity="1" maxCrapScore="2" minCrapScore="2" visitedClasses="0" numClasses="0" visitedMethods="0" numMethods="1" />
              <MetadataToken>100663317</MetadataToken>
              <Name>System.Void Juke.Control.Tests.JukeControllerPlayerTests::PlaySong_IsNowPlaying()</Name>
              <FileRef uid="2" />
              <SequencePoints>
                <SequencePoint vc="0" uspid="128" ordinal="0" offset="0" sl="33" sc="9" el="33" ec="10" bec="0" bev="0" fileid="2" />
                <SequencePoint vc="0" uspid="129" ordinal="1" offset="1" sl="34" sc="13" el="34" ec="73" bec="0" bev="0" fileid="2" />
                <SequencePoint vc="0" uspid="130" ordinal="2" offset="23" sl="35" sc="13" el="35" ec="74" bec="0" bev="0" fileid="2" />
                <SequencePoint vc="0" uspid="131" ordinal="3" offset="60" sl="36" sc="13" el="36" ec="70" bec="0" bev="0" fileid="2" />
                <SequencePoint vc="0" uspid="132" ordinal="4" offset="92" sl="37" sc="9" el="37" ec="10" bec="0" bev="0" fileid="2" />
              </SequencePoints>
              <BranchPoints />
              <MethodPoint xsi:type="SequencePoint" vc="0" uspid="128" ordinal="0" offset="0" sl="33" sc="9" el="33" ec="10" bec="0" bev="0" fileid="2" />
            </Method>
[...]
                <SequencePoint vc="0" uspid="1273" ordinal="4" offset="17" sl="38" sc="13" el="38" ec="14" bec="0" bev="0" fileid="67" />
                <SequencePoint vc="0" uspid="1274" ordinal="5" offset="20" sl="38" sc="20" el="38" ec="76" bec="2" bev="0" fileid="67" />
                <SequencePoint vc="0" uspid="1275" ordinal="6" offset="28" sl="39" sc="13" el="39" ec="14" bec="0" bev="0" fileid="67" />
                <SequencePoint vc="0" uspid="1276" ordinal="7" offset="29" sl="40" sc="17" el="40" ec="32" bec="2" bev="0" fileid="67" />
                <SequencePoint vc="0" uspid="1277" ordinal="8" offset="42" sl="41" sc="17" el="41" ec="18" bec="0" bev="0" fileid="67" />
                <SequencePoint vc="0" uspid="1278" ordinal="9" offset="43" sl="42" sc="21" el="42" ec="44" bec="0" bev="0" fileid="67" />
                <SequencePoint vc="0" uspid="1279" ordinal="10" offset="60" sl="43" sc="17" el="43" ec="18" bec="0" bev="0" fileid="67" />
                <SequencePoint vc="0" uspid="1280" ordinal="11" offset="63" sl="45" sc="17" el="45" ec="18" bec="0" bev="0" fileid="67" />
                <SequencePoint vc="0" uspid="1281" ordinal="12" offset="64" sl="46" sc="21" el="46" ec="38" bec="0" bev="0" fileid="67" />
                <SequencePoint vc="0" uspid="1282" ordinal="13" offset="71" sl="47" sc="21" el="47" ec="39" bec="0" bev="0" fileid="67" />
                <SequencePoint vc="0" uspid="1283" ordinal="14" offset="78" sl="48" sc="17" el="48" ec="18" bec="0" bev="0" fileid="67" />
                <SequencePoint vc="0" uspid="1284" ordinal="15" offset="79" sl="49" sc="13" el="49" ec="14" bec="0" bev="0" fileid="67" />
                <SequencePoint vc="0" uspid="1285" ordinal="16" offset="80" sl="50" sc="9" el="50" ec="10" bec="0" bev="0" fileid="67" />
              </SequencePoints>
              <BranchPoints>
                <BranchPoint vc="0" uspid="1286" ordinal="0" offset="7" sl="35" path="0" offsetend="9" fileid="67" />
                <BranchPoint vc="0" uspid="1287" ordinal="1" offset="7" sl="35" path="1" offsetend="20" fileid="67" />
                <BranchPoint vc="0" uspid="1288" ordinal="2" offset="26" sl="38" path="0" offsetend="28" fileid="67" />
                <BranchPoint vc="0" uspid="1289" ordinal="3" offset="26" sl="38" path="1" offsetend="80" fileid="67" />
                <BranchPoint vc="0" uspid="1290" ordinal="4" offset="40" sl="40" path="0" offsetend="42" fileid="67" />
                <BranchPoint vc="0" uspid="1291" ordinal="5" offset="40" sl="40" path="1" offsetend="63" fileid="67" />
              </BranchPoints>
              <MethodPoint xsi:type="SequencePoint" vc="0" uspid="1269" ordinal="0" offset="0" sl="34" sc="9" el="34" ec="10" bec="0" bev="0" fileid="67" />
            </Method>
            <Method visited="false" cyclomaticComplexity="1" nPathComplexity="0" sequenceCoverage="0" branchCoverage="0" crapScore="2" isConstructor="false" isStatic="false" isGetter="false" isSetter="false">
              <Summary numSequencePoints="3" visitedSequencePoints="0" numBranchPoints="1" visitedBranchPoints="0" sequenceCoverage="0" branchCoverage="0" maxCyclomaticComplexity="1" minCyclomaticComplexity="1" maxCrapScore="2" minCrapScore="2" visitedClasses="0" numClasses="0" visitedMethods="0" numMethods="1" />
              <MetadataToken>100663300</MetadataToken>
              <Name>System.Void Juke.External.Wmp.WmpPlayerEngine::Stop()</Name>
              <FileRef uid="67" />
              <SequencePoints>
                <SequencePoint vc="0" uspid="1292" ordinal="0" offset="0" sl="53" sc="9" el="53" ec="10" bec="0" bev="0" fileid="67" />
                <SequencePoint vc="0" uspid="1293" ordinal="1" offset="1" sl="54" sc="13" el="54" ec="36" bec="0" bev="0" fileid="67" />
                <SequencePoint vc="0" uspid="1294" ordinal="2" offset="18" sl="55" sc="9" el="55" ec="10" bec="0" bev="0" fileid="67" />
              </SequencePoints>
              <BranchPoints />
              <MethodPoint xsi:type="SequencePoint" vc="0" uspid="1292" ordinal="0" offset="0" sl="53" sc="9" el="53" ec="10" bec="0" bev="0" fileid="67" />
            </Method>
          </Methods>
        </Class>
        <Class>
          <Summary numSequencePoints="51" visitedSequencePoints="0" numBranchPoints="6" visitedBranchPoints="0" sequenceCoverage="0" branchCoverage="0" maxCyclomaticComplexity="6" minCyclomaticComplexity="1" maxCrapScore="42" minCrapScore="2" visitedClasses="0" numClasses="1" visitedMethods="0" numMethods="4" />
          <FullName>Juke.External.Wmp.IO.AsyncFileFinder</FullName>
          <Methods>
            <Method visited="false" cyclomaticComplexity="1" nPathComplexity="0" sequenceCoverage="0" branchCoverage="0" crapScore="2" isConstructor="true" isStatic="false" isGetter="false" isSetter="false">
              <Summary numSequencePoints="6" visitedSequencePoints="0" numBranchPoints="1" visitedBranchPoints="0" sequenceCoverage="0" branchCoverage="0" maxCyclomaticComplexity="1" minCyclomaticComplexity="1" maxCrapScore="2" minCrapScore="2" visitedClasses="0" numClasses="0" visitedMethods="0" numMethods="1" />
              <MetadataToken>100663301</MetadataToken>
              <Name>System.Void Juke.External.Wmp.IO.AsyncFileFinder::.ctor(System.String)</Name>
              <FileRef uid="68" />
              <SequencePoints>
                <SequencePoint vc="0" uspid="1295" ordinal="0" offset="0" sl="18" sc="9" el="18" ec="44" bec="0" bev="0" fileid="68" />
                <SequencePoint vc="0" uspid="1296" ordinal="1" offset="7" sl="19" sc="9" el="19" ec="10" bec="0" bev="0" fileid="68" />
                <SequencePoint vc="0" uspid="1297" ordinal="2" offset="8" sl="20" sc="13" el="20" ec="25" bec="0" bev="0" fileid="68" />
                <SequencePoint vc="0" uspid="1298" ordinal="3" offset="16" sl="21" sc="13" el="21" ec="47" bec="0" bev="0" fileid="68" />
                <SequencePoint vc="0" uspid="1299" ordinal="4" offset="47" sl="22" sc="13" el="22" ec="38" bec="0" bev="0" fileid="68" />
                <SequencePoint vc="0" uspid="1300" ordinal="5" offset="58" sl="23" sc="9" el="23" ec="10" bec="0" bev="0" fileid="68" />
              </SequencePoints>
              <BranchPoints />
              <MethodPoint xsi:type="SequencePoint" vc="0" uspid="1295" ordinal="0" offset="0" sl="18" sc="9" el="18" ec="44" bec="0" bev="0" fileid="68" />
            </Method>
            <Method visited="false" cyclomaticComplexity="1" nPathComplexity="0" sequenceCoverage="0" branchCoverage="0" crapScore="2" isConstructor="false" isStatic="false" isGetter="false" isSetter="false">
              <Summary numSequencePoints="3" visitedSequencePoints="0" numBranchPoints="1" visitedBranchPoints="0" sequenceCoverage="0" branchCoverage="0" maxCyclomaticComplexity="1" minCyclomaticComplexity="1" maxCrapScore="2" minCrapScore="2" visitedClasses="0" numClasses="0" visitedMethods="0" numMethods="1" />
              <MetadataToken>100663302</MetadataToken>
              <Name>System.Void Juke.External.Wmp.IO.AsyncFileFinder::InvokeLoad()</Name>
              <FileRef uid="68" />
              <SequencePoints>
                <SequencePoint vc="0" uspid="1301" ordinal="0" offset="0" sl="26" sc="9" el="26" ec="10" bec="0" bev="0" fileid="68" />
                <SequencePoint vc="0" uspid="1302" ordinal="1" offset="1" sl="27" sc="13" el="27" ec="28" bec="0" bev="0" fileid="68" />
                <SequencePoint vc="0" uspid="1303" ordinal="2" offset="14" sl="28" sc="9" el="28" ec="10" bec="0" bev="0" fileid="68" />
              </SequencePoints>
              <BranchPoints />
              <MethodPoint xsi:type="SequencePoint" vc="0" uspid="1301" ordinal="0" offset="0" sl="26" sc="9" el="26" ec="10" bec="0" bev="0" fileid="68" />
            </Method>
            <Method visited="false" cyclomaticComplexity="6" nPathComplexity="2" sequenceCoverage="0" branchCoverage="0" crapScore="42" isConstructor="false" isStatic="false" isGetter="false" isSetter="false">
              <Summary numSequencePoints="34" visitedSequencePoints="0" numBranchPoints="3" visitedBranchPoints="0" sequenceCoverage="0" branchCoverage="0" maxCyclomaticComplexity="6" minCyclomaticComplexity="6" maxCrapScore="42" minCrapScore="42" visitedClasses="0" numClasses="0" visitedMethods="0" numMethods="1" />
              <MetadataToken>100663303</MetadataToken>
              <Name>System.Void Juke.External.Wmp.IO.AsyncFileFinder::AddFiles(System.String)</Name>
              <FileRef uid="68" />
              <SequencePoints>
                <SequencePoint vc="0" uspid="1304" ordinal="0" offset="0" sl="31" sc="9" el="31" ec="10" bec="0" bev="0" fileid="68" />
                <SequencePoint vc="0" uspid="1305" ordinal="1" offset="1" sl="32" sc="13" el="32" ec="70" bec="0" bev="0" fileid="68" />
                <SequencePoint vc="0" uspid="1306" ordinal="2" offset="13" sl="33" sc="13" el="33" ec="68" bec="0" bev="0" fileid="68" />
                <SequencePoint vc="0" uspid="1307" ordinal="3" offset="20" sl="35" sc="13" el="35" ec="42" bec="0" bev="0" fileid="68" />
                <SequencePoint vc="0" uspid="1308" ordinal="4" offset="26" sl="36" sc="13" el="36" ec="51" bec="0" bev="0" fileid="68" />
                <SequencePoint vc="0" uspid="1309" ordinal="5" offset="40" sl="37" sc="13" el="37" ec="20" bec="0" bev="0" fileid="68" />
                <SequencePoint vc="0" uspid="1310" ordinal="6" offset="41" sl="37" sc="33" el="37" ec="44" bec="0" bev="0" fileid="68" />
                <SequencePoint vc="0" uspid="1311" ordinal="7" offset="58" sl="37" sc="22" el="37" ec="29" bec="0" bev="0" fileid="68" />
                <SequencePoint vc="0" uspid="1312" ordinal="8" offset="72" sl="38" sc="13" el="38" ec="14" bec="0" bev="0" fileid="68" />
                <SequencePoint vc="0" uspid="1313" ordinal="9" offset="73" sl="39" sc="17" el="39" ec="27" bec="2" bev="0" fileid="68" />
                <SequencePoint vc="0" uspid="1314" ordinal="10" offset="80" sl="40" sc="17" el="40" ec="18" bec="0" bev="0" fileid="68" />
                <SequencePoint vc="0" uspid="1315" ordinal="11" offset="81" sl="41" sc="21" el="41" ec="88" bec="0" bev="0" fileid="68" />
                <SequencePoint vc="0" uspid="1316" ordinal="12" offset="105" sl="42" sc="17" el="42" ec="18" bec="0" bev="0" fileid="68" />
                <SequencePoint vc="0" uspid="1317" ordinal="13" offset="108" sl="44" sc="17" el="44" ec="18" bec="0" bev="0" fileid="68" />
                <SequencePoint vc="0" uspid="1318" ordinal="14" offset="109" sl="45" sc="21" el="45" ec="35" bec="0" bev="0" fileid="68" />
                <SequencePoint vc="0" uspid="1319" ordinal="15" offset="123" sl="46" sc="17" el="46" ec="18" bec="0" bev="0" fileid="68" />
                <SequencePoint vc="0" uspid="1320" ordinal="16" offset="124" sl="47" sc="13" el="47" ec="14" bec="0" bev="0" fileid="68" />
                <SequencePoint vc="0" uspid="1321" ordinal="17" offset="125" sl="37" sc="30" el="37" ec="32" bec="0" bev="0" fileid="68" />
                <SequencePoint vc="0" uspid="1322" ordinal="18" offset="149" sl="49" sc="13" el="49" ec="20" bec="0" bev="0" fileid="68" />
                <SequencePoint vc="0" uspid="1323" ordinal="19" offset="150" sl="49" sc="34" el="49" ec="44" bec="0" bev="0" fileid="68" />
                <SequencePoint vc="0" uspid="1324" ordinal="20" offset="160" sl="49" sc="22" el="49" ec="30" bec="0" bev="0" fileid="68" />
                <SequencePoint vc="0" uspid="1325" ordinal="21" offset="169" sl="50" sc="13" el="50" ec="14" bec="0" bev="0" fileid="68" />
                <SequencePoint vc="0" uspid="1326" ordinal="22" offset="170" sl="52" sc="17" el="52" ec="18" bec="0" bev="0" fileid="68" />
                <SequencePoint vc="0" uspid="1327" ordinal="23" offset="171" sl="53" sc="21" el="53" ec="35" bec="0" bev="0" fileid="68" />
                <SequencePoint vc="0" uspid="1328" ordinal="24" offset="180" sl="54" sc="21" el="54" ec="54" bec="0" bev="0" fileid="68" />
                <SequencePoint vc="0" uspid="1329" ordinal="25" offset="199" sl="55" sc="17" el="55" ec="18" bec="0" bev="0" fileid="68" />
                <SequencePoint vc="0" uspid="1330" ordinal="26" offset="202" sl="56" sc="17" el="56" ec="36" bec="0" bev="0" fileid="68" />
                <SequencePoint vc="0" uspid="1331" ordinal="27" offset="204" sl="57" sc="17" el="57" ec="18" bec="0" bev="0" fileid="68" />
                <SequencePoint vc="0" uspid="1332" ordinal="28" offset="205" sl="58" sc="21" el="58" ec="27" bec="0" bev="0" fileid="68" />
                <SequencePoint vc="0" uspid="1333" ordinal="29" offset="207" sl="60" sc="13" el="60" ec="14" bec="0" bev="0" fileid="68" />
                <SequencePoint vc="0" uspid="1334" ordinal="30" offset="208" sl="49" sc="31" el="49" ec="33" bec="0" bev="0" fileid="68" />
                <SequencePoint vc="0" uspid="1335" ordinal="31" offset="232" sl="62" sc="13" el="62" ec="80" bec="0" bev="0" fileid="68" />
                <SequencePoint vc="0" uspid="1336" ordinal="32" offset="297" sl="63" sc="13" el="63" ec="36" bec="0" bev="0" fileid="68" />
                <SequencePoint vc="0" uspid="1337" ordinal="33" offset="310" sl="64" sc="9" el="64" ec="10" bec="0" bev="0" fileid="68" />
              </SequencePoints>
              <BranchPoints>
                <BranchPoint vc="0" uspid="1338" ordinal="0" offset="78" sl="39" path="0" offsetend="80" fileid="68" />
                <BranchPoint vc="0" uspid="1339" ordinal="1" offset="78" sl="39" path="1" offsetend="108" fileid="68" />
              </BranchPoints>
              <MethodPoint xsi:type="SequencePoint" vc="0" uspid="1304" ordinal="0" offset="0" sl="31" sc="9" el="31" ec="10" bec="0" bev="0" fileid="68" />
            </Method>
            <Method visited="false" cyclomaticComplexity="2" nPathComplexity="0" sequenceCoverage="0" branchCoverage="0" crapScore="6" isConstructor="false" isStatic="false" isGetter="false" isSetter="false">
              <Summary numSequencePoints="8" visitedSequencePoints="0" numBranchPoints="1" visitedBranchPoints="0" sequenceCoverage="0" branchCoverage="0" maxCyclomaticComplexity="2" minCyclomaticComplexity="2" maxCrapScore="6" minCrapScore="6" visitedClasses="0" numClasses="0" visitedMethods="0" numMethods="1" />
              <MetadataToken>100663304</MetadataToken>
              <Name>System.Void Juke.External.Wmp.IO.AsyncFileFinder::AddSong(System.String)</Name>
              <FileRef uid="68" />
              <SequencePoints>
                <SequencePoint vc="0" uspid="1344" ordinal="0" offset="0" sl="67" sc="9" el="67" ec="10" bec="0" bev="0" fileid="68" />
                <SequencePoint vc="0" uspid="1345" ordinal="1" offset="1" sl="68" sc="13" el="68" ec="47" bec="0" bev="0" fileid="68" />
                <SequencePoint vc="0" uspid="1346" ordinal="2" offset="14" sl="69" sc="13" el="75" ec="15" bec="0" bev="0" fileid="68" />
                <SequencePoint vc="0" uspid="1347" ordinal="3" offset="65" sl="77" sc="13" el="77" ec="25" bec="0" bev="0" fileid="68" />
                <SequencePoint vc="0" uspid="1348" ordinal="4" offset="83" sl="78" sc="13" el="78" ec="14" bec="0" bev="0" fileid="68" />
                <SequencePoint vc="0" uspid="1349" ordinal="5" offset="84" sl="79" sc="17" el="79" ec="33" bec="0" bev="0" fileid="68" />
                <SequencePoint vc="0" uspid="1350" ordinal="6" offset="97" sl="80" sc="13" el="80" ec="14" bec="0" bev="0" fileid="68" />
                <SequencePoint vc="0" uspid="1351" ordinal="7" offset="111" sl="81" sc="9" el="81" ec="10" bec="0" bev="0" fileid="68" />
              </SequencePoints>
              <BranchPoints />
              <MethodPoint xsi:type="SequencePoint" vc="0" uspid="1344" ordinal="0" offset="0" sl="67" sc="9" el="67" ec="10" bec="0" bev="0" fileid="68" />
            </Method>
          </Methods>
        </Class>
        <Class>
          <Summary numSequencePoints="1" visitedSequencePoints="0" numBranchPoints="1" visitedBranchPoints="0" sequenceCoverage="0" branchCoverage="0" maxCyclomaticComplexity="1" minCyclomaticComplexity="1" maxCrapScore="2" minCrapScore="2" visitedClasses="0" numClasses="1" visitedMethods="0" numMethods="1" />
          <FullName>Juke.External.Wmp.IO.AsyncFileFinder/&lt;&gt;c__DisplayClass4_0</FullName>
          <Methods>
            <Method visited="false" cyclomaticComplexity="1" nPathComplexity="0" sequenceCoverage="0" branchCoverage="0" crapScore="2" isConstructor="true" isStatic="false" isGetter="false" isSetter="false">
              <Summary numSequencePoints="0" visitedSequencePoints="0" numBranchPoints="0" visitedBranchPoints="0" sequenceCoverage="0" branchCoverage="0" maxCyclomaticComplexity="1" minCyclomaticComplexity="1" maxCrapScore="2" minCrapScore="2" visitedClasses="0" numClasses="0" visitedMethods="0" numMethods="0" />
              <MetadataToken>100663328</MetadataToken>
              <Name>System.Void Juke.External.Wmp.IO.AsyncFileFinder/&lt;&gt;c__DisplayClass4_0::.ctor()</Name>
              <SequencePoints />
              <BranchPoints />
              <MethodPoint vc="0" uspid="1352" ordinal="0" offset="0" />
            </Method>
            <Method visited="false" cyclomaticComplexity="1" nPathComplexity="0" sequenceCoverage="0" branchCoverage="0" crapScore="2" isConstructor="false" isStatic="false" isGetter="false" isSetter="false">
              <Summary numSequencePoints="1" visitedSequencePoints="0" numBranchPoints="1" visitedBranchPoints="0" sequenceCoverage="0" branchCoverage="0" maxCyclomaticComplexity="1" minCyclomaticComplexity="1" maxCrapScore="2" minCrapScore="2" visitedClasses="0" numClasses="0" visitedMethods="0" numMethods="1" />
              <MetadataToken>100663329</MetadataToken>
              <Name>System.Void Juke.External.Wmp.IO.AsyncFileFinder/&lt;&gt;c__DisplayClass4_0::&lt;AddFiles&gt;b__0()</Name>
              <FileRef uid="68" />
              <SequencePoints>
                <SequencePoint vc="0" uspid="1353" ordinal="0" offset="0" sl="41" sc="49" el="41" ec="86" bec="0" bev="0" fileid="68" />
              </SequencePoints>
              <BranchPoints />
              <MethodPoint xsi:type="SequencePoint" vc="0" uspid="1353" ordinal="0" offset="0" sl="41" sc="49" el="41" ec="86" bec="0" bev="0" fileid="68" />
            </Method>
          </Methods>
        </Class>
        <Class>
          <Summary numSequencePoints="0" visitedSequencePoints="0" numBranchPoints="0" visitedBranchPoints="0" sequenceCoverage="0" branchCoverage="0" maxCyclomaticComplexity="0" minCyclomaticComplexity="0" maxCrapScore="0" minCrapScore="0" visitedClasses="0" numClasses="0" visitedMethods="0" numMethods="0" />
          <FullName>WMPLib._WMPOCXEvents_PlayStateChangeEventHandler</FullName>
          <Methods>
            <Method skippedDueTo="Unknown" visited="false" cyclomaticComplexity="0" nPathComplexity="0" sequenceCoverage="0" branchCoverage="0" crapScore="0" isConstructor="true" isStatic="false" isGetter="false" isSetter="false">
              <MetadataToken>100663326</MetadataToken>
              <Name>System.Void WMPLib._WMPOCXEvents_PlayStateChangeEventHandler::.ctor(System.Object,System.UIntPtr)</Name>
              <SequencePoints />
              <BranchPoints />
            </Method>
            <Method skippedDueTo="Unknown" visited="false" cyclomaticComplexity="0" nPathComplexity="0" sequenceCoverage="0" branchCoverage="0" crapScore="0" isConstructor="false" isStatic="false" isGetter="false" isSetter="false">
              <MetadataToken>100663327</MetadataToken>
              <Name>System.Void WMPLib._WMPOCXEvents_PlayStateChangeEventHandler::Invoke(System.Int32)</Name>
              <SequencePoints />
              <BranchPoints />
            </Method>
          </Methods>
        </Class>
      </Classes>
      <TrackedMethods />
    </Module>
  </Modules>
</CoverageSession>